{"numTotalTestSuites":69,"numPassedTestSuites":53,"numFailedTestSuites":16,"numPendingTestSuites":0,"numTotalTests":123,"numPassedTests":104,"numFailedTests":19,"numPendingTests":0,"numTodoTests":0,"snapshot":{"added":0,"failure":false,"filesAdded":0,"filesRemoved":0,"filesRemovedList":[],"filesUnmatched":0,"filesUpdated":0,"matched":0,"total":0,"unchecked":0,"uncheckedKeysByFile":[],"unmatched":0,"updated":0,"didUpdate":false},"startTime":1749867637839,"success":false,"testResults":[{"assertionResults":[{"ancestorTitles":["Wallaby MCP Integration Tests","Test Environment Validation"],"fullName":"Wallaby MCP Integration Tests Test Environment Validation should validate Vitest configuration","status":"passed","title":"should validate Vitest configuration","duration":3.054599999999482,"failureMessages":[],"meta":{}},{"ancestorTitles":["Wallaby MCP Integration Tests","Test Environment Validation"],"fullName":"Wallaby MCP Integration Tests Test Environment Validation should validate JSDOM environment","status":"passed","title":"should validate JSDOM environment","duration":1.3840999999993073,"failureMessages":[],"meta":{}},{"ancestorTitles":["Wallaby MCP Integration Tests","Test Environment Validation"],"fullName":"Wallaby MCP Integration Tests Test Environment Validation should validate testing utilities","status":"passed","title":"should validate testing utilities","duration":0.7078000000001339,"failureMessages":[],"meta":{}},{"ancestorTitles":["Wallaby MCP Integration Tests","Component Testing Framework"],"fullName":"Wallaby MCP Integration Tests Component Testing Framework should support React component testing","status":"passed","title":"should support React component testing","duration":25.996900000001915,"failureMessages":[],"meta":{}},{"ancestorTitles":["Wallaby MCP Integration Tests","Component Testing Framework"],"fullName":"Wallaby MCP Integration Tests Component Testing Framework should support Astro component simulation","status":"passed","title":"should support Astro component simulation","duration":0.7101000000002387,"failureMessages":[],"meta":{}},{"ancestorTitles":["Wallaby MCP Integration Tests","Component Testing Framework"],"fullName":"Wallaby MCP Integration Tests Component Testing Framework should validate component prop interfaces","status":"passed","title":"should validate component prop interfaces","duration":0.32549999999901047,"failureMessages":[],"meta":{}},{"ancestorTitles":["Wallaby MCP Integration Tests","Performance Testing Integration"],"fullName":"Wallaby MCP Integration Tests Performance Testing Integration should measure component render performance","status":"passed","title":"should measure component render performance","duration":29.440600000001723,"failureMessages":[],"meta":{}},{"ancestorTitles":["Wallaby MCP Integration Tests","Performance Testing Integration"],"fullName":"Wallaby MCP Integration Tests Performance Testing Integration should validate memory usage patterns","status":"passed","title":"should validate memory usage patterns","duration":376.2057999999997,"failureMessages":[],"meta":{}},{"ancestorTitles":["Wallaby MCP Integration Tests","Accessibility Testing Framework"],"fullName":"Wallaby MCP Integration Tests Accessibility Testing Framework should validate ARIA attributes","status":"passed","title":"should validate ARIA attributes","duration":2.379400000001624,"failureMessages":[],"meta":{}},{"ancestorTitles":["Wallaby MCP Integration Tests","Accessibility Testing Framework"],"fullName":"Wallaby MCP Integration Tests Accessibility Testing Framework should validate keyboard navigation","status":"passed","title":"should validate keyboard navigation","duration":11.215299999999843,"failureMessages":[],"meta":{}},{"ancestorTitles":["Wallaby MCP Integration Tests","Accessibility Testing Framework"],"fullName":"Wallaby MCP Integration Tests Accessibility Testing Framework should validate screen reader compatibility","status":"passed","title":"should validate screen reader compatibility","duration":0.8705000000009022,"failureMessages":[],"meta":{}},{"ancestorTitles":["Wallaby MCP Integration Tests","Error Handling and Resilience"],"fullName":"Wallaby MCP Integration Tests Error Handling and Resilience should handle component errors gracefully","status":"passed","title":"should handle component errors gracefully","duration":0.6123000000006869,"failureMessages":[],"meta":{}},{"ancestorTitles":["Wallaby MCP Integration Tests","Error Handling and Resilience"],"fullName":"Wallaby MCP Integration Tests Error Handling and Resilience should validate error boundary functionality","status":"passed","title":"should validate error boundary functionality","duration":0.8063000000001921,"failureMessages":[],"meta":{}},{"ancestorTitles":["Wallaby MCP Integration Tests","Integration Testing Scenarios"],"fullName":"Wallaby MCP Integration Tests Integration Testing Scenarios should test complete user interactions","status":"passed","title":"should test complete user interactions","duration":4.237099999998463,"failureMessages":[],"meta":{}},{"ancestorTitles":["Wallaby MCP Integration Tests","Integration Testing Scenarios"],"fullName":"Wallaby MCP Integration Tests Integration Testing Scenarios should validate API integration patterns","status":"passed","title":"should validate API integration patterns","duration":1.9605000000010477,"failureMessages":[],"meta":{}},{"ancestorTitles":["Wallaby MCP Integration Tests","Code Coverage and Quality Metrics"],"fullName":"Wallaby MCP Integration Tests Code Coverage and Quality Metrics should validate test coverage thresholds","status":"passed","title":"should validate test coverage thresholds","duration":0.5236000000004424,"failureMessages":[],"meta":{}},{"ancestorTitles":["Wallaby MCP Integration Tests","Code Coverage and Quality Metrics"],"fullName":"Wallaby MCP Integration Tests Code Coverage and Quality Metrics should validate code quality metrics","status":"passed","title":"should validate code quality metrics","duration":0.422099999999773,"failureMessages":[],"meta":{}}],"startTime":1749867659140,"endTime":1749867659602.422,"status":"passed","message":"","name":"C:/Users/Tyson/Desktop/Development Tools/nosytlabs-github-ready/tests/wallaby-integration.test.ts"},{"assertionResults":[{"ancestorTitles":["NosytLabs Accessibility Features","AccessibilityManager"],"fullName":"NosytLabs Accessibility Features AccessibilityManager should initialize keyboard navigation support","status":"passed","title":"should initialize keyboard navigation support","duration":35.61319999999978,"failureMessages":[],"meta":{}},{"ancestorTitles":["NosytLabs Accessibility Features","AccessibilityManager"],"fullName":"NosytLabs Accessibility Features AccessibilityManager should create ARIA live regions for announcements","status":"passed","title":"should create ARIA live regions for announcements","duration":13.076199999999517,"failureMessages":[],"meta":{}},{"ancestorTitles":["NosytLabs Accessibility Features","AccessibilityManager"],"fullName":"NosytLabs Accessibility Features AccessibilityManager should handle reduced motion preferences","status":"passed","title":"should handle reduced motion preferences","duration":3.9887000000016997,"failureMessages":[],"meta":{}},{"ancestorTitles":["NosytLabs Accessibility Features","Focus Management"],"fullName":"NosytLabs Accessibility Features Focus Management should create focus trap for modals","status":"passed","title":"should create focus trap for modals","duration":26.781599999998434,"failureMessages":[],"meta":{}},{"ancestorTitles":["NosytLabs Accessibility Features","Focus Management"],"fullName":"NosytLabs Accessibility Features Focus Management should manage modal visibility with proper ARIA attributes","status":"passed","title":"should manage modal visibility with proper ARIA attributes","duration":8.17410000000018,"failureMessages":[],"meta":{}},{"ancestorTitles":["NosytLabs Accessibility Features","Keyboard Navigation"],"fullName":"NosytLabs Accessibility Features Keyboard Navigation should handle escape key to close modals","status":"passed","title":"should handle escape key to close modals","duration":8.571199999998498,"failureMessages":[],"meta":{}},{"ancestorTitles":["NosytLabs Accessibility Features","Keyboard Navigation"],"fullName":"NosytLabs Accessibility Features Keyboard Navigation should handle arrow key navigation in menus","status":"passed","title":"should handle arrow key navigation in menus","duration":8.21480000000156,"failureMessages":[],"meta":{}},{"ancestorTitles":["NosytLabs Accessibility Features","Screen Reader Support"],"fullName":"NosytLabs Accessibility Features Screen Reader Support should provide proper ARIA labels and descriptions","status":"passed","title":"should provide proper ARIA labels and descriptions","duration":4.0777000000016415,"failureMessages":[],"meta":{}},{"ancestorTitles":["NosytLabs Accessibility Features","Screen Reader Support"],"fullName":"NosytLabs Accessibility Features Screen Reader Support should announce dynamic content changes","status":"passed","title":"should announce dynamic content changes","duration":2.0131000000001222,"failureMessages":[],"meta":{}},{"ancestorTitles":["NosytLabs Accessibility Features","Screen Reader Support"],"fullName":"NosytLabs Accessibility Features Screen Reader Support should provide skip links for main navigation areas","status":"passed","title":"should provide skip links for main navigation areas","duration":3.4183999999986554,"failureMessages":[],"meta":{}}],"startTime":1749867659973,"endTime":1749867660088.4185,"status":"passed","message":"","name":"C:/Users/Tyson/Desktop/Development Tools/nosytlabs-github-ready/tests/components/accessibility.test.ts"},{"assertionResults":[{"ancestorTitles":["NosytButton","Basic Rendering"],"fullName":"NosytButton Basic Rendering should render button with default props","status":"passed","title":"should render button with default props","duration":226.8800999999985,"failureMessages":[],"meta":{}},{"ancestorTitles":["NosytButton","Basic Rendering"],"fullName":"NosytButton Basic Rendering should render as anchor when href is provided","status":"passed","title":"should render as anchor when href is provided","duration":79.48459999999977,"failureMessages":[],"meta":{}},{"ancestorTitles":["NosytButton","Basic Rendering"],"fullName":"NosytButton Basic Rendering should apply custom className","status":"passed","title":"should apply custom className","duration":47.86739999999918,"failureMessages":[],"meta":{}},{"ancestorTitles":["NosytButton","Variants"],"fullName":"NosytButton Variants should render primary variant","status":"passed","title":"should render primary variant","duration":47.492999999998574,"failureMessages":[],"meta":{}},{"ancestorTitles":["NosytButton","Variants"],"fullName":"NosytButton Variants should render secondary variant","status":"passed","title":"should render secondary variant","duration":59.655900000001566,"failureMessages":[],"meta":{}},{"ancestorTitles":["NosytButton","Variants"],"fullName":"NosytButton Variants should render outline variant","status":"passed","title":"should render outline variant","duration":57.562300000001414,"failureMessages":[],"meta":{}},{"ancestorTitles":["NosytButton","Variants"],"fullName":"NosytButton Variants should render shiny variant with proper styling","status":"passed","title":"should render shiny variant with proper styling","duration":52.319400000000314,"failureMessages":[],"meta":{}},{"ancestorTitles":["NosytButton","Variants"],"fullName":"NosytButton Variants should render shimmer variant with custom properties","status":"passed","title":"should render shimmer variant with custom properties","duration":42.31170000000202,"failureMessages":[],"meta":{}},{"ancestorTitles":["NosytButton","Sizes"],"fullName":"NosytButton Sizes should render small size","status":"passed","title":"should render small size","duration":48.895699999997305,"failureMessages":[],"meta":{}},{"ancestorTitles":["NosytButton","Sizes"],"fullName":"NosytButton Sizes should render medium size (default)","status":"passed","title":"should render medium size (default)","duration":29.641599999999016,"failureMessages":[],"meta":{}},{"ancestorTitles":["NosytButton","Sizes"],"fullName":"NosytButton Sizes should render large size","status":"passed","title":"should render large size","duration":29.92870000000039,"failureMessages":[],"meta":{}},{"ancestorTitles":["NosytButton","Interactive States"],"fullName":"NosytButton Interactive States should handle click events","status":"passed","title":"should handle click events","duration":98.19160000000193,"failureMessages":[],"meta":{}},{"ancestorTitles":["NosytButton","Interactive States"],"fullName":"NosytButton Interactive States should be disabled when disabled prop is true","status":"passed","title":"should be disabled when disabled prop is true","duration":96.96140000000014,"failureMessages":[],"meta":{}},{"ancestorTitles":["NosytButton","Interactive States"],"fullName":"NosytButton Interactive States should support type attribute for form submission","status":"passed","title":"should support type attribute for form submission","duration":45.26429999999891,"failureMessages":[],"meta":{}},{"ancestorTitles":["NosytButton","Accessibility"],"fullName":"NosytButton Accessibility should support aria-label","status":"passed","title":"should support aria-label","duration":44.55130000000281,"failureMessages":[],"meta":{}},{"ancestorTitles":["NosytButton","Accessibility"],"fullName":"NosytButton Accessibility should support aria-describedby","status":"passed","title":"should support aria-describedby","duration":42.30460000000312,"failureMessages":[],"meta":{}},{"ancestorTitles":["NosytButton","Accessibility"],"fullName":"NosytButton Accessibility should be focusable by keyboard","status":"passed","title":"should be focusable by keyboard","duration":63.50659999999698,"failureMessages":[],"meta":{}},{"ancestorTitles":["NosytButton","Animation Props"],"fullName":"NosytButton Animation Props should apply animation classes when animated is true","status":"passed","title":"should apply animation classes when animated is true","duration":60.51429999999891,"failureMessages":[],"meta":{}},{"ancestorTitles":["NosytButton","Animation Props"],"fullName":"NosytButton Animation Props should not apply animation classes when animated is false","status":"passed","title":"should not apply animation classes when animated is false","duration":58.61150000000271,"failureMessages":[],"meta":{}},{"ancestorTitles":["NosytButton","Ref Forwarding"],"fullName":"NosytButton Ref Forwarding should forward ref to button element","status":"passed","title":"should forward ref to button element","duration":6.804400000000896,"failureMessages":[],"meta":{}},{"ancestorTitles":["NosytButton","Ref Forwarding"],"fullName":"NosytButton Ref Forwarding should handle ref with href (anchor element)","status":"failed","title":"should handle ref with href (anchor element)","duration":13.819299999999203,"failureMessages":["AssertionError: expected null to be an instance of HTMLAnchorElement\n    at Proxy.<anonymous> (file:///C:/Users/Tyson/Desktop/Development%20Tools/nosytlabs-github-ready/node_modules/@vitest/expect/dist/index.js:1245:15)\n    at Proxy.<anonymous> (file:///C:/Users/Tyson/Desktop/Development%20Tools/nosytlabs-github-ready/node_modules/@vitest/expect/dist/index.js:1022:14)\n    at Proxy.methodWrapper (file:///C:/Users/Tyson/Desktop/Development%20Tools/nosytlabs-github-ready/node_modules/chai/chai.js:1618:25)\n    at C:\\Users\\Tyson\\Desktop\\Development Tools\\nosytlabs-github-ready\\tests\\components\\consolidated-button.test.tsx:204:27\n    at file:///C:/Users/Tyson/Desktop/Development%20Tools/nosytlabs-github-ready/node_modules/@vitest/runner/dist/chunk-hooks.js:155:11\n    at file:///C:/Users/Tyson/Desktop/Development%20Tools/nosytlabs-github-ready/node_modules/@vitest/runner/dist/chunk-hooks.js:752:26\n    at file:///C:/Users/Tyson/Desktop/Development%20Tools/nosytlabs-github-ready/node_modules/@vitest/runner/dist/chunk-hooks.js:1894:20\n    at new Promise (<anonymous>)\n    at runWithTimeout (file:///C:/Users/Tyson/Desktop/Development%20Tools/nosytlabs-github-ready/node_modules/@vitest/runner/dist/chunk-hooks.js:1860:10)\n    at runTest (file:///C:/Users/Tyson/Desktop/Development%20Tools/nosytlabs-github-ready/node_modules/@vitest/runner/dist/chunk-hooks.js:1571:12)"],"meta":{}},{"ancestorTitles":["Button Variant Components","ShinyButton"],"fullName":"Button Variant Components ShinyButton should render with shiny variant","status":"passed","title":"should render with shiny variant","duration":46.793100000002596,"failureMessages":[],"meta":{}},{"ancestorTitles":["Button Variant Components","ShinyButton"],"fullName":"Button Variant Components ShinyButton should accept all button props except variant","status":"passed","title":"should accept all button props except variant","duration":51.22070000000167,"failureMessages":[],"meta":{}},{"ancestorTitles":["Button Variant Components","ShimmerButton"],"fullName":"Button Variant Components ShimmerButton should render with shimmer variant","status":"passed","title":"should render with shimmer variant","duration":42.635400000002846,"failureMessages":[],"meta":{}},{"ancestorTitles":["Button Variant Components","ShimmerButton"],"fullName":"Button Variant Components ShimmerButton should accept shimmer-specific props","status":"passed","title":"should accept shimmer-specific props","duration":32.84989999999743,"failureMessages":[],"meta":{}},{"ancestorTitles":["Button Variant Components","PrimaryButton"],"fullName":"Button Variant Components PrimaryButton should render with primary variant","status":"passed","title":"should render with primary variant","duration":25.416399999998248,"failureMessages":[],"meta":{}},{"ancestorTitles":["Button Variant Components","SecondaryButton"],"fullName":"Button Variant Components SecondaryButton should render with secondary variant","status":"passed","title":"should render with secondary variant","duration":32.20400000000154,"failureMessages":[],"meta":{}},{"ancestorTitles":["Button Variant Components","OutlineButton"],"fullName":"Button Variant Components OutlineButton should render with outline variant","status":"passed","title":"should render with outline variant","duration":33.24109999999928,"failureMessages":[],"meta":{}},{"ancestorTitles":["Button Component Integration"],"fullName":"Button Component Integration should work within forms","status":"passed","title":"should work within forms","duration":68.28519999999844,"failureMessages":[],"meta":{}},{"ancestorTitles":["Button Component Integration"],"fullName":"Button Component Integration should handle complex children elements","status":"passed","title":"should handle complex children elements","duration":25.881399999998393,"failureMessages":[],"meta":{}},{"ancestorTitles":["Button Component Integration"],"fullName":"Button Component Integration should maintain consistent styling across variants","status":"passed","title":"should maintain consistent styling across variants","duration":46.108100000001286,"failureMessages":[],"meta":{}},{"ancestorTitles":["Button Component Integration","Performance"],"fullName":"Button Component Integration Performance should not cause unnecessary re-renders","status":"passed","title":"should not cause unnecessary re-renders","duration":4.199300000000221,"failureMessages":[],"meta":{}}],"startTime":1749867659407,"endTime":1749867661072.1992,"status":"failed","message":"","name":"C:/Users/Tyson/Desktop/Development Tools/nosytlabs-github-ready/tests/components/consolidated-button.test.tsx"},{"assertionResults":[{"ancestorTitles":["EnhancedContactForm","Form Rendering"],"fullName":"EnhancedContactForm Form Rendering should render all form fields","status":"passed","title":"should render all form fields","duration":145.98919999999998,"failureMessages":[],"meta":{}},{"ancestorTitles":["EnhancedContactForm","Form Rendering"],"fullName":"EnhancedContactForm Form Rendering should render submit button","status":"passed","title":"should render submit button","duration":234.5622000000003,"failureMessages":[],"meta":{}},{"ancestorTitles":["EnhancedContactForm","Form Rendering"],"fullName":"EnhancedContactForm Form Rendering should render subscription button","status":"passed","title":"should render subscription button","duration":22.149399999998423,"failureMessages":[],"meta":{}},{"ancestorTitles":["EnhancedContactForm","Form Rendering"],"fullName":"EnhancedContactForm Form Rendering should have proper form accessibility attributes","status":"passed","title":"should have proper form accessibility attributes","duration":23.376099999997678,"failureMessages":[],"meta":{}},{"ancestorTitles":["EnhancedContactForm","Form Interaction"],"fullName":"EnhancedContactForm Form Interaction should update form data when user types","status":"passed","title":"should update form data when user types","duration":890.5925000000025,"failureMessages":[],"meta":{}},{"ancestorTitles":["EnhancedContactForm","Form Interaction"],"fullName":"EnhancedContactForm Form Interaction should handle service type selection","status":"failed","title":"should handle service type selection","duration":26.97370000000228,"failureMessages":["TestingLibraryElementError: Value \"Design Services\" not found in options\n\nIgnored nodes: comments, script, style\n\u001b[36m<select\u001b[39m\n  \u001b[33mclass\u001b[39m=\u001b[32m\"w-full px-4 py-3 border border-nosyt-purple/20 rounded-lg focus:ring-2 focus:ring-nosyt-purple focus:border-transparent dark:border-nosyt-purple/30 dark:bg-gray-800\"\u001b[39m\n  \u001b[33mid\u001b[39m=\u001b[32m\"service\"\u001b[39m\n  \u001b[33mname\u001b[39m=\u001b[32m\"service\"\u001b[39m\n\u001b[36m>\u001b[39m\n  \u001b[36m<option\u001b[39m\n    \u001b[33mvalue\u001b[39m=\u001b[32m\"Web Development\"\u001b[39m\n  \u001b[36m>\u001b[39m\n    \u001b[0mWeb Development\u001b[0m\n  \u001b[36m</option>\u001b[39m\n  \u001b[36m<option\u001b[39m\n    \u001b[33mvalue\u001b[39m=\u001b[32m\"AI Integration\"\u001b[39m\n  \u001b[36m>\u001b[39m\n    \u001b[0mAI Integration\u001b[0m\n  \u001b[36m</option>\u001b[39m\n  \u001b[36m<option\u001b[39m\n    \u001b[33mvalue\u001b[39m=\u001b[32m\"Mobile Apps\"\u001b[39m\n  \u001b[36m>\u001b[39m\n    \u001b[0mMobile Apps\u001b[0m\n  \u001b[36m</option>\u001b[39m\n  \u001b[36m<option\u001b[39m\n    \u001b[33mvalue\u001b[39m=\u001b[32m\"Consulting\"\u001b[39m\n  \u001b[36m>\u001b[39m\n    \u001b[0mConsulting\u001b[0m\n  \u001b[36m</option>\u001b[39m\n  \u001b[36m<option\u001b[39m\n    \u001b[33mvalue\u001b[39m=\u001b[32m\"3D Printing\"\u001b[39m\n  \u001b[36m>\u001b[39m\n    \u001b[0m3D Printing\u001b[0m\n  \u001b[36m</option>\u001b[39m\n  \u001b[36m<option\u001b[39m\n    \u001b[33mvalue\u001b[39m=\u001b[32m\"Other\"\u001b[39m\n  \u001b[36m>\u001b[39m\n    \u001b[0mOther\u001b[0m\n  \u001b[36m</option>\u001b[39m\n\u001b[36m</select>\u001b[39m\n    at Object.getElementError (C:\\Users\\Tyson\\Desktop\\Development Tools\\nosytlabs-github-ready\\node_modules\\@testing-library\\dom\\dist\\config.js:37:19)\n    at file:///C:/Users/Tyson/Desktop/Development%20Tools/nosytlabs-github-ready/node_modules/@testing-library/user-event/dist/esm/utility/selectOptions.js:37:35\n    at Array.map (<anonymous>)\n    at Object.selectOptionsBase (file:///C:/Users/Tyson/Desktop/Development%20Tools/nosytlabs-github-ready/node_modules/@testing-library/user-event/dist/esm/utility/selectOptions.js:29:38)\n    at Object.selectOptions (file:///C:/Users/Tyson/Desktop/Development%20Tools/nosytlabs-github-ready/node_modules/@testing-library/user-event/dist/esm/utility/selectOptions.js:16:30)\n    at file:///C:/Users/Tyson/Desktop/Development%20Tools/nosytlabs-github-ready/node_modules/@testing-library/user-event/dist/esm/setup/setup.js:83:35\n    at Object.asyncWrapper (C:\\Users\\Tyson\\Desktop\\Development Tools\\nosytlabs-github-ready\\node_modules\\@testing-library\\dom\\dist\\config.js:23:23)\n    at wrapAsync (file:///C:/Users/Tyson/Desktop/Development%20Tools/nosytlabs-github-ready/node_modules/@testing-library/user-event/dist/esm/setup/wrapAsync.js:6:24)\n    at Object.method [as selectOptions] (file:///C:/Users/Tyson/Desktop/Development%20Tools/nosytlabs-github-ready/node_modules/@testing-library/user-event/dist/esm/setup/setup.js:83:16)\n    at C:\\Users\\Tyson\\Desktop\\Development Tools\\nosytlabs-github-ready\\tests\\components\\enhanced-contact-form.test.tsx:82:18"],"meta":{}},{"ancestorTitles":["EnhancedContactForm","Form Interaction"],"fullName":"EnhancedContactForm Form Interaction should toggle subscription status","status":"passed","title":"should toggle subscription status","duration":115.46719999999914,"failureMessages":[],"meta":{}},{"ancestorTitles":["EnhancedContactForm","Form Validation"],"fullName":"EnhancedContactForm Form Validation should show validation error for empty name","status":"failed","title":"should show validation error for empty name","duration":1209.0671999999977,"failureMessages":["Error: Unable to find an element with the text: /name is required/i. This could be because the text is broken up by multiple elements. In this case, you can provide a function for your text matcher to make your matcher more flexible.\n\nIgnored nodes: comments, script, style\n\u001b[36m<body>\u001b[39m\n  \u001b[36m<div>\u001b[39m\n    \u001b[36m<div\u001b[39m\n      \u001b[33mclass\u001b[39m=\u001b[32m\"max-w-2xl mx-auto\"\u001b[39m\n    \u001b[36m>\u001b[39m\n      \u001b[36m<form\u001b[39m\n        \u001b[33mclass\u001b[39m=\u001b[32m\"space-y-6\"\u001b[39m\n      \u001b[36m>\u001b[39m\n        \u001b[36m<div\u001b[39m\n          \u001b[33mclass\u001b[39m=\u001b[32m\"grid md:grid-cols-2 gap-6\"\u001b[39m\n        \u001b[36m>\u001b[39m\n          \u001b[36m<div\u001b[39m\n            \u001b[33mclass\u001b[39m=\u001b[32m\"form-group\"\u001b[39m\n          \u001b[36m>\u001b[39m\n            \u001b[36m<label\u001b[39m\n              \u001b[33mclass\u001b[39m=\u001b[32m\"block text-sm font-medium text-gray-700 dark:text-gray-300 mb-1\"\u001b[39m\n              \u001b[33mfor\u001b[39m=\u001b[32m\"name\"\u001b[39m\n            \u001b[36m>\u001b[39m\n              \u001b[0mName *\u001b[0m\n            \u001b[36m</label>\u001b[39m\n            \u001b[36m<div\u001b[39m\n              \u001b[33mclass\u001b[39m=\u001b[32m\"relative\"\u001b[39m\n            \u001b[36m>\u001b[39m\n              \u001b[36m<div\u001b[39m\n                \u001b[33mclass\u001b[39m=\u001b[32m\"absolute inset-y-0 left-0 pl-3 flex items-center pointer-events-none\"\u001b[39m\n              \u001b[36m>\u001b[39m\n                \u001b[36m<svg\u001b[39m\n                  \u001b[33mclass\u001b[39m=\u001b[32m\"h-5 w-5 text-gray-400\"\u001b[39m\n                  \u001b[33mfill\u001b[39m=\u001b[32m\"none\"\u001b[39m\n                  \u001b[33mstroke\u001b[39m=\u001b[32m\"currentColor\"\u001b[39m\n                  \u001b[33mviewBox\u001b[39m=\u001b[32m\"0 0 24 24\"\u001b[39m\n                  \u001b[33mxmlns\u001b[39m=\u001b[32m\"http://www.w3.org/2000/svg\"\u001b[39m\n                \u001b[36m>\u001b[39m\n                  \u001b[36m<path\u001b[39m\n                    \u001b[33md\u001b[39m=\u001b[32m\"M16 7a4 4 0 11-8 0 4 4 0 018 0zM12 14a7 7 0 00-7 7h14a7 7 0 00-7-7z\"\u001b[39m\n                    \u001b[33mstroke-linecap\u001b[39m=\u001b[32m\"round\"\u001b[39m\n                    \u001b[33mstroke-linejoin\u001b[39m=\u001b[32m\"round\"\u001b[39m\n                    \u001b[33mstroke-width\u001b[39m=\u001b[32m\"2\"\u001b[39m\n                  \u001b[36m/>\u001b[39m\n                \u001b[36m</svg>\u001b[39m\n              \u001b[36m</div>\u001b[39m\n              \u001b[36m<input\u001b[39m\n                \u001b[33mclass\u001b[39m=\u001b[32m\"w-full pl-10 pr-4 py-3 border border-nosyt-purple/20 rounded-lg focus:ring-2 focus:ring-nosyt-purple focus:border-transparent dark:border-nosyt-purple/30 dark:bg-gray-800\"\u001b[39m\n                \u001b[33mid\u001b[39m=\u001b[32m\"name\"\u001b[39m\n                \u001b[33mname\u001b[39m=\u001b[32m\"name\"\u001b[39m\n                \u001b[33mplaceholder\u001b[39m=\u001b[32m\"Your full name\"\u001b[39m\n                \u001b[33mrequired\u001b[39m=\u001b[32m\"\"\u001b[39m\n                \u001b[33mtype\u001b[39m=\u001b[32m\"text\"\u001b[39m\n                \u001b[33mvalue\u001b[39m=\u001b[32m\"\"\u001b[39m\n              \u001b[36m/>\u001b[39m\n            \u001b[36m</div>\u001b[39m\n          \u001b[36m</div>\u001b[39m\n          \u001b[36m<div\u001b[39m\n            \u001b[33mclass\u001b[39m=\u001b[32m\"form-group\"\u001b[39m\n          \u001b[36m>\u001b[39m\n            \u001b[36m<label\u001b[39m\n              \u001b[33mclass\u001b[39m=\u001b[32m\"block text-sm font-medium text-gray-700 dark:text-gray-300 mb-1\"\u001b[39m\n              \u001b[33mfor\u001b[39m=\u001b[32m\"email\"\u001b[39m\n            \u001b[36m>\u001b[39m\n              \u001b[0mEmail *\u001b[0m\n            \u001b[36m</label>\u001b[39m\n            \u001b[36m<div\u001b[39m\n              \u001b[33mclass\u001b[39m=\u001b[32m\"relative\"\u001b[39m\n            \u001b[36m>\u001b[39m\n              \u001b[36m<div\u001b[39m\n                \u001b[33mclass\u001b[39m=\u001b[32m\"absolute inset-y-0 left-0 pl-3 flex items-center pointer-events-none\"\u001b[39m\n              \u001b[36m>\u001b[39m\n                \u001b[36m<svg\u001b[39m\n                  \u001b[33maria-hidden\u001b[39m=\u001b[32m\"true\"\u001b[39m\n                  \u001b[33mclass\u001b[39m=\u001b[32m\"lucide lucide-mail h-5 w-5 text-gray-400\"\u001b[39m\n                  \u001b[33mfill\u001b[39m=\u001b[32m\"none\"\u001b[39m\n                  \u001b[33mheight\u001b[39m=\u001b[32m\"24\"\u001b[39m\n                  \u001b[33mstroke\u001b[39m=\u001b[32m\"currentColor\"\u001b[39m\n                  \u001b[33mstroke-linecap\u001b[39m=\u001b[32m\"round\"\u001b[39m\n                  \u001b[33mstroke-linejoin\u001b[39m=\u001b[32m\"round\"\u001b[39m\n                  \u001b[33mstroke-width\u001b[39m=\u001b[32m\"2\"\u001b[39m\n                  \u001b[33mviewBox\u001b[39m=\u001b[32m\"0 0 24 24\"\u001b[39m\n                  \u001b[33mwidth\u001b[39m=\u001b[32m\"24\"\u001b[39m\n                  \u001b[33mxmlns\u001b[39m=\u001b[32m\"http://www.w3.org/2000/svg\"\u001b[39m\n                \u001b[36m>\u001b[39m\n                  \u001b[36m<path\u001b[39m\n                    \u001b[33md\u001b[39m=\u001b[32m\"m22 7-8.991 5.727a2 2 0 0 1-2.009 0L2 7\"\u001b[39m\n                  \u001b[36m/>\u001b[39m\n                  \u001b[36m<rect\u001b[39m\n                    \u001b[33mheight\u001b[39m=\u001b[32m\"16\"\u001b[39m\n                    \u001b[33mrx\u001b[39m=\u001b[32m\"2\"\u001b[39m\n                    \u001b[33mwidth\u001b[39m=\u001b[32m\"20\"\u001b[39m\n                    \u001b[33mx\u001b[39m=\u001b[32m\"2\"\u001b[39m\n                    \u001b[33my\u001b[39m=\u001b[32m\"4\"\u001b[39m\n                  \u001b[36m/>\u001b[39m\n                \u001b[36m</svg>\u001b[39m\n              \u001b[36m</div>\u001b[39m\n              \u001b[36m<input\u001b[39m\n                \u001b[33mclass\u001b[39m=\u001b[32m\"w-full pl-10 pr-4 py-3 border border-nosyt-purple/20 rounded-lg focus:ring-2 focus:ring-nosyt-purple focus:border-transparent dark:border-nosyt-purple/30 dark:bg-gray-800\"\u001b[39m\n                \u001b[33mid\u001b[39m=\u001b[32m\"email\"\u001b[39m\n                \u001b[33mname\u001b[39m=\u001b[32m\"email\"\u001b[39m\n                \u001b[33mplaceholder\u001b[39m=\u001b[32m\"your@email.com\"\u001b[39m\n                \u001b[33mrequired\u001b[39m=\u001b[32m\"\"\u001b[39m\n                \u001b[33mtype\u001b[39m=\u001b[32m\"email\"\u001b[39m\n                \u001b[33mvalue\u001b[39m=\u001b[32m\"\"\u001b[39m\n              \u001b[36m/>\u001b[39m\n            \u001b[36m</div>\u001b[39m\n          \u001b[36m</div>\u001b[39m\n        \u001b[36m</div>\u001b[39m\n        \u001b[36m<div\u001b[39m\n          \u001b[33mclass\u001b[39m=\u001b[32m\"form-group\"\u001b[39m\n        \u001b[36m>\u001b[39m\n          \u001b[36m<label\u001b[39m\n            \u001b[33mclass\u001b[39m=\u001b[32m\"block text-sm font-medium text-gray-700 dark:text-gray-300 mb-1\"\u001b[39m\n            \u001b[33mfor\u001b[39m=\u001b[32m\"service\"\u001b[39m\n          \u001b[36m>\u001b[39m\n            \u001b[0mService Interest\u001b[0m\n          \u001b[36m</label>\u001b[39m\n          \u001b[36m<select\u001b[39m\n            \u001b[33mclass\u001b[39m=\u001b[32m\"w-full px-4 py-3 border border-nosyt-purple/20 rounded-lg focus:ring-2 focus:ring-nosyt-purple focus:border-transparent dark:border-nosyt-purple/30 dark:bg-gray-800\"\u001b[39m\n            \u001b[33mid\u001b[39m=\u001b[32m\"service\"\u001b[39m\n            \u001b[33mname\u001b[39m=\u001b[32m\"service\"\u001b[39m\n          \u001b[36m>\u001b[39m\n            \u001b[36m<option\u001b[39m\n              \u001b[33mvalue\u001b[39m=\u001b[32m\"Web Development\"\u001b[39m\n            \u001b[36m>\u001b[39m\n              \u001b[0mWeb Development\u001b[0m\n            \u001b[36m</option>\u001b[39m\n            \u001b[36m<option\u001b[39m\n              \u001b[33mvalue\u001b[39m=\u001b[32m\"AI Integration\"\u001b[39m\n            \u001b[36m>\u001b[39m\n              \u001b[0mAI Integration\u001b[0m\n            \u001b[36m</option>\u001b[39m\n            \u001b[36m<option\u001b[39m\n              \u001b[33mvalue\u001b[39m=\u001b[32m\"Mobile Apps\"\u001b[39m\n            \u001b[36m>\u001b[39m\n              \u001b[0mMobile Apps\u001b[0m\n            \u001b[36m</option>\u001b[39m\n            \u001b[36m<option\u001b[39m\n              \u001b[33mvalue\u001b[39m=\u001b[32m\"Consulting\"\u001b[39m\n            \u001b[36m>\u001b[39m\n              \u001b[0mConsulting\u001b[0m\n            \u001b[36m</option>\u001b[39m\n            \u001b[36m<option\u001b[39m\n              \u001b[33mvalue\u001b[39m=\u001b[32m\"3D Printing\"\u001b[39m\n            \u001b[36m>\u001b[39m\n              \u001b[0m3D Printing\u001b[0m\n            \u001b[36m</option>\u001b[39m\n            \u001b[36m<option\u001b[39m\n              \u001b[33mvalue\u001b[39m=\u001b[32m\"Other\"\u001b[39m\n            \u001b[36m>\u001b[39m\n              \u001b[0mOther\u001b[0m\n            \u001b[36m</option>\u001b[39m\n          \u001b[36m</select>\u001b[39m\n        \u001b[36m</div>\u001b[39m\n        \u001b[36m<div\u001b[39m\n          \u001b[33mclass\u001b[39m=\u001b[32m\"form-group\"\u001b[39m\n        \u001b[36m>\u001b[39m\n          \u001b[36m<label\u001b[39m\n            \u001b[33mclass\u001b[39m=\u001b[32m\"block text-sm font-medium text-gray-700 dark:text-gray-300 mb-1\"\u001b[39m\n            \u001b[33mfor\u001b[39m=\u001b[32m\"subject\"\u001b[39m\n          \u001b[36m>\u001b[39m\n            \u001b[0mSubject *\u001b[0m\n          \u001b[36m</label>\u001b[39m\n          \u001b[36m<input\u001b[39m\n            \u001b[33mclass\u001b[39m=\u001b[32m\"w-full px-4 py-3 border border-nosyt-purple/20 rounded-lg focus:ring-2 focus:ring-nosyt-purple focus:border-transparent dark:border-nosyt-purple/30 dark:bg-gray-800\"\u001b[39m\n            \u001b[33mid\u001b[39m=\u001b[32m\"subject\"\u001b[39m\n            \u001b[33mname\u001b[39m=\u001b[32m\"subject\"\u001b[39m\n            \u001b[33mplaceholder\u001b[39m=\u001b[32m\"Brief description of your project\"\u001b[39m\n            \u001b[33mrequired\u001b[39m=\u001b[32m\"\"\u001b[39m\n            \u001b[33mtype\u001b[39m=\u001b[32m\"text\"\u001b[39m\n            \u001b[33mvalue\u001b[39m=\u001b[32m\"\"\u001b[39m\n          \u001b[36m/>\u001b[39m\n        \u001b[36m</div>\u001b[39m\n        \u001b[36m<div\u001b[39m\n          \u001b[33mclass\u001b[39m=\u001b[32m\"form-group\"\u001b[39m\n        \u001b[36m>\u001b[39m\n          \u001b[36m<label\u001b[39m\n            \u001b[33mclass\u001b[39m=\u001b[32m\"block text-sm font-medium text-gray-700 dark:text-gray-300 mb-1\"\u001b[39m\n            \u001b[33mfor\u001b[39m=\u001b[32m\"message\"\u001b[39m\n          \u001b[36m>\u001b[39m\n            \u001b[0mMessage *\u001b[0m\n          \u001b[36m</label>\u001b[39m\n          \u001b[36m<textarea\u001b[39m\n            \u001b[33mclass\u001b[39m=\u001b[32m\"w-full px-4 py-3 border border-nosyt-purple/20 rounded-lg focus:ring-2 focus:ring-nosyt-purple focus:border-transparent dark:border-nosyt-purple/30 dark:bg-gray-800\"\u001b[39m\n            \u001b[33mid\u001b[39m=\u001b[32m\"message\"\u001b[39m\n            \u001b[33mname\u001b[39m=\u001b[32m\"message\"\u001b[39m\n            \u001b[33mplaceholder\u001b[39m=\u001b[32m\"Tell us about your project requirements...\"\u001b[39m\n            \u001b[33mrequired\u001b[39m=\u001b[32m\"\"\u001b[39m\n            \u001b[33mrows\u001b[39m=\u001b[32m\"5\"\u001b[39m\n          \u001b[36m/>\u001b[39m\n        \u001b[36m</div>\u001b[39m\n        \u001b[36m<div\u001b[39m\n          \u001b[33mclass\u001b[39m=\u001b[32m\"flex flex-col sm:flex-row gap-4\"\u001b[39m\n        \u001b[36m>\u001b[39m\n          \u001b[36m<button\u001b[39m\n            \u001b[33mclass\u001b[39m=\u001b[32m\"group relative inline-flex h-12 items-center justify-center overflow-hidden rounded-md bg-gradient-to-r from-purple-600 to-purple-700 px-6 font-medium text-white transition-all duration-300 hover:from-purple-700 hover:to-purple-800 focus:outline-none focus:ring-2 focus:ring-purple-400 focus:ring-offset-2 active:scale-95 flex-1\"\u001b[39m\n            \u001b[33mtype\u001b[39m=\u001b[32m\"submit\"\u001b[39m\n          \u001b[36m>\u001b[39m\n            \u001b[36m<span\u001b[39m\n              \u001b[33mclass\u001b[39m=\u001b[32m\"relative z-10\"\u001b[39m\n            \u001b[36m>\u001b[39m\n              \u001b[36m<svg\u001b[39m\n                \u001b[33maria-hidden\u001b[39m=\u001b[32m\"true\"\u001b[39m\n                \u001b[33mclass\u001b[39m=\u001b[32m\"lucide lucide-send w-4 h-4 mr-2\"\u001b[39m\n                \u001b[33mfill\u001b[39m=\u001b[32m\"none\"\u001b[39m\n                \u001b[33mheight\u001b[39m=\u001b[32m\"24\"\u001b[39m\n                \u001b[33mstroke\u001b[39m=\u001b[32m\"currentColor\"\u001b[39m\n                \u001b[33mstroke-linecap\u001b[39m=\u001b[32m\"round\"\u001b[39m\n                \u001b[33mstroke-linejoin\u001b[39m=\u001b[32m\"round\"\u001b[39m\n                \u001b[33mstroke-width\u001b[39m=\u001b[32m\"2\"\u001b[39m\n                \u001b[33mviewBox\u001b[39m=\u001b[32m\"0 0 24 24\"\u001b[39m\n                \u001b[33mwidth\u001b[39m=\u001b[32m\"24\"\u001b[39m\n                \u001b[33mxmlns\u001b[39m=\u001b[32m\"http://www.w3.org/2000/svg\"\u001b[39m\n              \u001b[36m>\u001b[39m\n                \u001b[36m<path\u001b[39m\n                  \u001b[33md\u001b[39m=\u001b[32m\"M14.536 21.686a.5.5 0 0 0 .937-.024l6.5-19a.496.496 0 0 0-.635-.635l-19 6.5a.5.5 0 0 0-.024.937l7.93 3.18a2 2 0 0 1 1.112 1.11z\"\u001b[39m\n                \u001b[36m/>\u001b[39m\n                \u001b[36m<path\u001b[39m\n                  \u001b[33md\u001b[39m=\u001b[32m\"m21.854 2.147-10.94 10.939\"\u001b[39m\n                \u001b[36m/>\u001b[39m\n              \u001b[36m</svg>\u001b[39m\n              \u001b[0mSend Message\u001b[0m\n            \u001b[36m</span>\u001b[39m\n            \u001b[36m<div\u001b[39m\n              \u001b[33mclass\u001b[39m=\u001b[32m\"absolute inset-0 -top-[2px] mx-auto h-px w-1/2 bg-gradient-to-r from-transparent via-white to-transparent opacity-0 transition-opacity duration-500 group-hover:opacity-40\"\u001b[39m\n            \u001b[36m/>\u001b[39m\n            \u001b[36m<div\u001b[39m\n              \u001b[33mclass\u001b[39m=\u001b[32m\"absolute inset-0 bg-gradient-to-r from-transparent via-white/10 to-transparent opacity-0 transition-opacity duration-500 group-hover:opacity-100\"\u001b[39m\n            \u001b[36m/>\u001b[39m\n            \u001b[36m<div\u001b[39m\n              \u001b[33mclass\u001b[39m=\u001b[32m\"absolute -inset-px rounded-md bg-gradient-to-r from-purple-400 via-purple-500 to-purple-600 opacity-0 blur-sm transition-opacity duration-500 group-hover:opacity-30\"\u001b[39m\n            \u001b[36m/>\u001b[39m\n          \u001b[36m</button>\u001b[39m\n          \u001b[36m<button\u001b[39m\n            \u001b[33mclass\u001b[39m=\u001b[32m\"relative flex w-[200px] cursor-pointer items-center justify-center rounded-md border-none p-[10px] flex-1\"\u001b[39m\n            \u001b[33mstyle\u001b[39m=\u001b[32m\"background-color: rgb(124, 58, 237); color: white; opacity: 1;\"\u001b[39m\n          \u001b[36m>\u001b[39m\n            \u001b[36m<span\u001b[39m\n              \u001b[33mclass\u001b[39m=\u001b[32m\"relative block font-semibold\"\u001b[39m\n              \u001b[33mstyle\u001b[39m=\u001b[32m\"transform: none;\"\u001b[39m\n            \u001b[36m>\u001b[39m\n              \u001b[36m<span\u001b[39m\n                \u001b[33mclass\u001b[39m=\u001b[32m\"flex items-center\"\u001b[39m\n              \u001b[36m>\u001b[39m\n                \u001b[36m<svg\u001b[39m\n                  \u001b[33maria-hidden\u001b[39m=\u001b[32m\"true\"\u001b[39m\n                  \u001b[33mclass\u001b[39m=\u001b[32m\"lucide lucide-message-circle w-4 h-4 mr-2\"\u001b[39m\n                  \u001b[33mfill\u001b[39m=\u001b[32m\"none\"\u001b[39m\n                  \u001b[33mheight\u001b[39m=\u001b[32m\"24\"\u001b[39m\n                  \u001b[33mstroke\u001b[39m=\u001b[32m\"currentColor\"\u001b[39m\n                  \u001b[33mstroke-linecap\u001b[39m=\u001b[32m\"round\"\u001b[39m\n                  \u001b[33mstroke-linejoin\u001b[39m=\u001b[32m\"round\"\u001b[39m\n                  \u001b[33mstroke-width\u001b[39m=\u001b[32m\"2\"\u001b[39m\n                  \u001b[33mviewBox\u001b[39m=\u001b[32m\"0 0 24 24\"\u001b[39m\n                  \u001b[33mwidth\u001b[39m=\u001b[32m\"24\"\u001b[39m\n                  \u001b[33mxmlns\u001b[39m=\u001b[32m\"http://www.w3.org/2000/svg\"\u001b[39m\n                \u001b[36m>\u001b[39m\n                  \u001b[36m<path\u001b[39m\n                    \u001b[33md\u001b[39m=\u001b[32m\"M7.9 20A9 9 0 1 0 4 16.1L2 22Z\"\u001b[39m\n                  \u001b[36m/>\u001b[39m\n                \u001b[36m</svg>\u001b[39m\n                \u001b[0mSubscribe to Updates\u001b[0m\n              \u001b[36m</span>\u001b[39m\n            \u001b[36m</span>\u001b[39m\n          \u001b[36m</button>\u001b[39m\n        \u001b[36m</div>\u001b[39m\n      \u001b[36m</form>\u001b[39m\n    \u001b[36m</div>\u001b[39m\n  \u001b[36m</div>\u001b[39m\n\u001b[36m</body>\u001b[39m\n    at Proxy.waitForWrapper (C:\\Users\\Tyson\\Desktop\\Development Tools\\nosytlabs-github-ready\\node_modules\\@testing-library\\react\\node_modules\\@testing-library\\dom\\dist\\wait-for.js:163:27)\n    at C:\\Users\\Tyson\\Desktop\\Development Tools\\nosytlabs-github-ready\\tests\\components\\enhanced-contact-form.test.tsx:107:13\n    at file:///C:/Users/Tyson/Desktop/Development%20Tools/nosytlabs-github-ready/node_modules/@vitest/runner/dist/chunk-hooks.js:752:20"],"meta":{}},{"ancestorTitles":["EnhancedContactForm","Form Validation"],"fullName":"EnhancedContactForm Form Validation should show validation error for empty email","status":"failed","title":"should show validation error for empty email","duration":1451.5049,"failureMessages":["Error: Unable to find an element with the text: /email is required/i. This could be because the text is broken up by multiple elements. In this case, you can provide a function for your text matcher to make your matcher more flexible.\n\nIgnored nodes: comments, script, style\n\u001b[36m<body>\u001b[39m\n  \u001b[36m<div>\u001b[39m\n    \u001b[36m<div\u001b[39m\n      \u001b[33mclass\u001b[39m=\u001b[32m\"max-w-2xl mx-auto\"\u001b[39m\n    \u001b[36m>\u001b[39m\n      \u001b[36m<form\u001b[39m\n        \u001b[33mclass\u001b[39m=\u001b[32m\"space-y-6\"\u001b[39m\n      \u001b[36m>\u001b[39m\n        \u001b[36m<div\u001b[39m\n          \u001b[33mclass\u001b[39m=\u001b[32m\"grid md:grid-cols-2 gap-6\"\u001b[39m\n        \u001b[36m>\u001b[39m\n          \u001b[36m<div\u001b[39m\n            \u001b[33mclass\u001b[39m=\u001b[32m\"form-group\"\u001b[39m\n          \u001b[36m>\u001b[39m\n            \u001b[36m<label\u001b[39m\n              \u001b[33mclass\u001b[39m=\u001b[32m\"block text-sm font-medium text-gray-700 dark:text-gray-300 mb-1\"\u001b[39m\n              \u001b[33mfor\u001b[39m=\u001b[32m\"name\"\u001b[39m\n            \u001b[36m>\u001b[39m\n              \u001b[0mName *\u001b[0m\n            \u001b[36m</label>\u001b[39m\n            \u001b[36m<div\u001b[39m\n              \u001b[33mclass\u001b[39m=\u001b[32m\"relative\"\u001b[39m\n            \u001b[36m>\u001b[39m\n              \u001b[36m<div\u001b[39m\n                \u001b[33mclass\u001b[39m=\u001b[32m\"absolute inset-y-0 left-0 pl-3 flex items-center pointer-events-none\"\u001b[39m\n              \u001b[36m>\u001b[39m\n                \u001b[36m<svg\u001b[39m\n                  \u001b[33mclass\u001b[39m=\u001b[32m\"h-5 w-5 text-gray-400\"\u001b[39m\n                  \u001b[33mfill\u001b[39m=\u001b[32m\"none\"\u001b[39m\n                  \u001b[33mstroke\u001b[39m=\u001b[32m\"currentColor\"\u001b[39m\n                  \u001b[33mviewBox\u001b[39m=\u001b[32m\"0 0 24 24\"\u001b[39m\n                  \u001b[33mxmlns\u001b[39m=\u001b[32m\"http://www.w3.org/2000/svg\"\u001b[39m\n                \u001b[36m>\u001b[39m\n                  \u001b[36m<path\u001b[39m\n                    \u001b[33md\u001b[39m=\u001b[32m\"M16 7a4 4 0 11-8 0 4 4 0 018 0zM12 14a7 7 0 00-7 7h14a7 7 0 00-7-7z\"\u001b[39m\n                    \u001b[33mstroke-linecap\u001b[39m=\u001b[32m\"round\"\u001b[39m\n                    \u001b[33mstroke-linejoin\u001b[39m=\u001b[32m\"round\"\u001b[39m\n                    \u001b[33mstroke-width\u001b[39m=\u001b[32m\"2\"\u001b[39m\n                  \u001b[36m/>\u001b[39m\n                \u001b[36m</svg>\u001b[39m\n              \u001b[36m</div>\u001b[39m\n              \u001b[36m<input\u001b[39m\n                \u001b[33mclass\u001b[39m=\u001b[32m\"w-full pl-10 pr-4 py-3 border border-nosyt-purple/20 rounded-lg focus:ring-2 focus:ring-nosyt-purple focus:border-transparent dark:border-nosyt-purple/30 dark:bg-gray-800\"\u001b[39m\n                \u001b[33mid\u001b[39m=\u001b[32m\"name\"\u001b[39m\n                \u001b[33mname\u001b[39m=\u001b[32m\"name\"\u001b[39m\n                \u001b[33mplaceholder\u001b[39m=\u001b[32m\"Your full name\"\u001b[39m\n                \u001b[33mrequired\u001b[39m=\u001b[32m\"\"\u001b[39m\n                \u001b[33mtype\u001b[39m=\u001b[32m\"text\"\u001b[39m\n                \u001b[33mvalue\u001b[39m=\u001b[32m\"John Doe\"\u001b[39m\n              \u001b[36m/>\u001b[39m\n            \u001b[36m</div>\u001b[39m\n          \u001b[36m</div>\u001b[39m\n          \u001b[36m<div\u001b[39m\n            \u001b[33mclass\u001b[39m=\u001b[32m\"form-group\"\u001b[39m\n          \u001b[36m>\u001b[39m\n            \u001b[36m<label\u001b[39m\n              \u001b[33mclass\u001b[39m=\u001b[32m\"block text-sm font-medium text-gray-700 dark:text-gray-300 mb-1\"\u001b[39m\n              \u001b[33mfor\u001b[39m=\u001b[32m\"email\"\u001b[39m\n            \u001b[36m>\u001b[39m\n              \u001b[0mEmail *\u001b[0m\n            \u001b[36m</label>\u001b[39m\n            \u001b[36m<div\u001b[39m\n              \u001b[33mclass\u001b[39m=\u001b[32m\"relative\"\u001b[39m\n            \u001b[36m>\u001b[39m\n              \u001b[36m<div\u001b[39m\n                \u001b[33mclass\u001b[39m=\u001b[32m\"absolute inset-y-0 left-0 pl-3 flex items-center pointer-events-none\"\u001b[39m\n              \u001b[36m>\u001b[39m\n                \u001b[36m<svg\u001b[39m\n                  \u001b[33maria-hidden\u001b[39m=\u001b[32m\"true\"\u001b[39m\n                  \u001b[33mclass\u001b[39m=\u001b[32m\"lucide lucide-mail h-5 w-5 text-gray-400\"\u001b[39m\n                  \u001b[33mfill\u001b[39m=\u001b[32m\"none\"\u001b[39m\n                  \u001b[33mheight\u001b[39m=\u001b[32m\"24\"\u001b[39m\n                  \u001b[33mstroke\u001b[39m=\u001b[32m\"currentColor\"\u001b[39m\n                  \u001b[33mstroke-linecap\u001b[39m=\u001b[32m\"round\"\u001b[39m\n                  \u001b[33mstroke-linejoin\u001b[39m=\u001b[32m\"round\"\u001b[39m\n                  \u001b[33mstroke-width\u001b[39m=\u001b[32m\"2\"\u001b[39m\n                  \u001b[33mviewBox\u001b[39m=\u001b[32m\"0 0 24 24\"\u001b[39m\n                  \u001b[33mwidth\u001b[39m=\u001b[32m\"24\"\u001b[39m\n                  \u001b[33mxmlns\u001b[39m=\u001b[32m\"http://www.w3.org/2000/svg\"\u001b[39m\n                \u001b[36m>\u001b[39m\n                  \u001b[36m<path\u001b[39m\n                    \u001b[33md\u001b[39m=\u001b[32m\"m22 7-8.991 5.727a2 2 0 0 1-2.009 0L2 7\"\u001b[39m\n                  \u001b[36m/>\u001b[39m\n                  \u001b[36m<rect\u001b[39m\n                    \u001b[33mheight\u001b[39m=\u001b[32m\"16\"\u001b[39m\n                    \u001b[33mrx\u001b[39m=\u001b[32m\"2\"\u001b[39m\n                    \u001b[33mwidth\u001b[39m=\u001b[32m\"20\"\u001b[39m\n                    \u001b[33mx\u001b[39m=\u001b[32m\"2\"\u001b[39m\n                    \u001b[33my\u001b[39m=\u001b[32m\"4\"\u001b[39m\n                  \u001b[36m/>\u001b[39m\n                \u001b[36m</svg>\u001b[39m\n              \u001b[36m</div>\u001b[39m\n              \u001b[36m<input\u001b[39m\n                \u001b[33mclass\u001b[39m=\u001b[32m\"w-full pl-10 pr-4 py-3 border border-nosyt-purple/20 rounded-lg focus:ring-2 focus:ring-nosyt-purple focus:border-transparent dark:border-nosyt-purple/30 dark:bg-gray-800\"\u001b[39m\n                \u001b[33mid\u001b[39m=\u001b[32m\"email\"\u001b[39m\n                \u001b[33mname\u001b[39m=\u001b[32m\"email\"\u001b[39m\n                \u001b[33mplaceholder\u001b[39m=\u001b[32m\"your@email.com\"\u001b[39m\n                \u001b[33mrequired\u001b[39m=\u001b[32m\"\"\u001b[39m\n                \u001b[33mtype\u001b[39m=\u001b[32m\"email\"\u001b[39m\n                \u001b[33mvalue\u001b[39m=\u001b[32m\"\"\u001b[39m\n              \u001b[36m/>\u001b[39m\n            \u001b[36m</div>\u001b[39m\n          \u001b[36m</div>\u001b[39m\n        \u001b[36m</div>\u001b[39m\n        \u001b[36m<div\u001b[39m\n          \u001b[33mclass\u001b[39m=\u001b[32m\"form-group\"\u001b[39m\n        \u001b[36m>\u001b[39m\n          \u001b[36m<label\u001b[39m\n            \u001b[33mclass\u001b[39m=\u001b[32m\"block text-sm font-medium text-gray-700 dark:text-gray-300 mb-1\"\u001b[39m\n            \u001b[33mfor\u001b[39m=\u001b[32m\"service\"\u001b[39m\n          \u001b[36m>\u001b[39m\n            \u001b[0mService Interest\u001b[0m\n          \u001b[36m</label>\u001b[39m\n          \u001b[36m<select\u001b[39m\n            \u001b[33mclass\u001b[39m=\u001b[32m\"w-full px-4 py-3 border border-nosyt-purple/20 rounded-lg focus:ring-2 focus:ring-nosyt-purple focus:border-transparent dark:border-nosyt-purple/30 dark:bg-gray-800\"\u001b[39m\n            \u001b[33mid\u001b[39m=\u001b[32m\"service\"\u001b[39m\n            \u001b[33mname\u001b[39m=\u001b[32m\"service\"\u001b[39m\n          \u001b[36m>\u001b[39m\n            \u001b[36m<option\u001b[39m\n              \u001b[33mvalue\u001b[39m=\u001b[32m\"Web Development\"\u001b[39m\n            \u001b[36m>\u001b[39m\n              \u001b[0mWeb Development\u001b[0m\n            \u001b[36m</option>\u001b[39m\n            \u001b[36m<option\u001b[39m\n              \u001b[33mvalue\u001b[39m=\u001b[32m\"AI Integration\"\u001b[39m\n            \u001b[36m>\u001b[39m\n              \u001b[0mAI Integration\u001b[0m\n            \u001b[36m</option>\u001b[39m\n            \u001b[36m<option\u001b[39m\n              \u001b[33mvalue\u001b[39m=\u001b[32m\"Mobile Apps\"\u001b[39m\n            \u001b[36m>\u001b[39m\n              \u001b[0mMobile Apps\u001b[0m\n            \u001b[36m</option>\u001b[39m\n            \u001b[36m<option\u001b[39m\n              \u001b[33mvalue\u001b[39m=\u001b[32m\"Consulting\"\u001b[39m\n            \u001b[36m>\u001b[39m\n              \u001b[0mConsulting\u001b[0m\n            \u001b[36m</option>\u001b[39m\n            \u001b[36m<option\u001b[39m\n              \u001b[33mvalue\u001b[39m=\u001b[32m\"3D Printing\"\u001b[39m\n            \u001b[36m>\u001b[39m\n              \u001b[0m3D Printing\u001b[0m\n            \u001b[36m</option>\u001b[39m\n            \u001b[36m<option\u001b[39m\n              \u001b[33mvalue\u001b[39m=\u001b[32m\"Other\"\u001b[39m\n            \u001b[36m>\u001b[39m\n              \u001b[0mOther\u001b[0m\n            \u001b[36m</option>\u001b[39m\n          \u001b[36m</select>\u001b[39m\n        \u001b[36m</div>\u001b[39m\n        \u001b[36m<div\u001b[39m\n          \u001b[33mclass\u001b[39m=\u001b[32m\"form-group\"\u001b[39m\n        \u001b[36m>\u001b[39m\n          \u001b[36m<label\u001b[39m\n            \u001b[33mclass\u001b[39m=\u001b[32m\"block text-sm font-medium text-gray-700 dark:text-gray-300 mb-1\"\u001b[39m\n            \u001b[33mfor\u001b[39m=\u001b[32m\"subject\"\u001b[39m\n          \u001b[36m>\u001b[39m\n            \u001b[0mSubject *\u001b[0m\n          \u001b[36m</label>\u001b[39m\n          \u001b[36m<input\u001b[39m\n            \u001b[33mclass\u001b[39m=\u001b[32m\"w-full px-4 py-3 border border-nosyt-purple/20 rounded-lg focus:ring-2 focus:ring-nosyt-purple focus:border-transparent dark:border-nosyt-purple/30 dark:bg-gray-800\"\u001b[39m\n            \u001b[33mid\u001b[39m=\u001b[32m\"subject\"\u001b[39m\n            \u001b[33mname\u001b[39m=\u001b[32m\"subject\"\u001b[39m\n            \u001b[33mplaceholder\u001b[39m=\u001b[32m\"Brief description of your project\"\u001b[39m\n            \u001b[33mrequired\u001b[39m=\u001b[32m\"\"\u001b[39m\n            \u001b[33mtype\u001b[39m=\u001b[32m\"text\"\u001b[39m\n            \u001b[33mvalue\u001b[39m=\u001b[32m\"\"\u001b[39m\n          \u001b[36m/>\u001b[39m\n        \u001b[36m</div>\u001b[39m\n        \u001b[36m<div\u001b[39m\n          \u001b[33mclass\u001b[39m=\u001b[32m\"form-group\"\u001b[39m\n        \u001b[36m>\u001b[39m\n          \u001b[36m<label\u001b[39m\n            \u001b[33mclass\u001b[39m=\u001b[32m\"block text-sm font-medium text-gray-700 dark:text-gray-300 mb-1\"\u001b[39m\n            \u001b[33mfor\u001b[39m=\u001b[32m\"message\"\u001b[39m\n          \u001b[36m>\u001b[39m\n            \u001b[0mMessage *\u001b[0m\n          \u001b[36m</label>\u001b[39m\n          \u001b[36m<textarea\u001b[39m\n            \u001b[33mclass\u001b[39m=\u001b[32m\"w-full px-4 py-3 border border-nosyt-purple/20 rounded-lg focus:ring-2 focus:ring-nosyt-purple focus:border-transparent dark:border-nosyt-purple/30 dark:bg-gray-800\"\u001b[39m\n            \u001b[33mid\u001b[39m=\u001b[32m\"message\"\u001b[39m\n            \u001b[33mname\u001b[39m=\u001b[32m\"message\"\u001b[39m\n            \u001b[33mplaceholder\u001b[39m=\u001b[32m\"Tell us about your project requirements...\"\u001b[39m\n            \u001b[33mrequired\u001b[39m=\u001b[32m\"\"\u001b[39m\n            \u001b[33mrows\u001b[39m=\u001b[32m\"5\"\u001b[39m\n          \u001b[36m/>\u001b[39m\n        \u001b[36m</div>\u001b[39m\n        \u001b[36m<div\u001b[39m\n          \u001b[33mclass\u001b[39m=\u001b[32m\"flex flex-col sm:flex-row gap-4\"\u001b[39m\n        \u001b[36m>\u001b[39m\n          \u001b[36m<button\u001b[39m\n            \u001b[33mclass\u001b[39m=\u001b[32m\"group relative inline-flex h-12 items-center justify-center overflow-hidden rounded-md bg-gradient-to-r from-purple-600 to-purple-700 px-6 font-medium text-white transition-all duration-300 hover:from-purple-700 hover:to-purple-800 focus:outline-none focus:ring-2 focus:ring-purple-400 focus:ring-offset-2 active:scale-95 flex-1\"\u001b[39m\n            \u001b[33mtype\u001b[39m=\u001b[32m\"submit\"\u001b[39m\n          \u001b[36m>\u001b[39m\n            \u001b[36m<span\u001b[39m\n              \u001b[33mclass\u001b[39m=\u001b[32m\"relative z-10\"\u001b[39m\n            \u001b[36m>\u001b[39m\n              \u001b[36m<svg\u001b[39m\n                \u001b[33maria-hidden\u001b[39m=\u001b[32m\"true\"\u001b[39m\n                \u001b[33mclass\u001b[39m=\u001b[32m\"lucide lucide-send w-4 h-4 mr-2\"\u001b[39m\n                \u001b[33mfill\u001b[39m=\u001b[32m\"none\"\u001b[39m\n                \u001b[33mheight\u001b[39m=\u001b[32m\"24\"\u001b[39m\n                \u001b[33mstroke\u001b[39m=\u001b[32m\"currentColor\"\u001b[39m\n                \u001b[33mstroke-linecap\u001b[39m=\u001b[32m\"round\"\u001b[39m\n                \u001b[33mstroke-linejoin\u001b[39m=\u001b[32m\"round\"\u001b[39m\n                \u001b[33mstroke-width\u001b[39m=\u001b[32m\"2\"\u001b[39m\n                \u001b[33mviewBox\u001b[39m=\u001b[32m\"0 0 24 24\"\u001b[39m\n                \u001b[33mwidth\u001b[39m=\u001b[32m\"24\"\u001b[39m\n                \u001b[33mxmlns\u001b[39m=\u001b[32m\"http://www.w3.org/2000/svg\"\u001b[39m\n              \u001b[36m>\u001b[39m\n                \u001b[36m<path\u001b[39m\n                  \u001b[33md\u001b[39m=\u001b[32m\"M14.536 21.686a.5.5 0 0 0 .937-.024l6.5-19a.496.496 0 0 0-.635-.635l-19 6.5a.5.5 0 0 0-.024.937l7.93 3.18a2 2 0 0 1 1.112 1.11z\"\u001b[39m\n                \u001b[36m/>\u001b[39m\n                \u001b[36m<path\u001b[39m\n                  \u001b[33md\u001b[39m=\u001b[32m\"m21.854 2.147-10.94 10.939\"\u001b[39m\n                \u001b[36m/>\u001b[39m\n              \u001b[36m</svg>\u001b[39m\n              \u001b[0mSend Message\u001b[0m\n            \u001b[36m</span>\u001b[39m\n            \u001b[36m<div\u001b[39m\n              \u001b[33mclass\u001b[39m=\u001b[32m\"absolute inset-0 -top-[2px] mx-auto h-px w-1/2 bg-gradient-to-r from-transparent via-white to-transparent opacity-0 transition-opacity duration-500 group-hover:opacity-40\"\u001b[39m\n            \u001b[36m/>\u001b[39m\n            \u001b[36m<div\u001b[39m\n              \u001b[33mclass\u001b[39m=\u001b[32m\"absolute inset-0 bg-gradient-to-r from-transparent via-white/10 to-transparent opacity-0 transition-opacity duration-500 group-hover:opacity-100\"\u001b[39m\n            \u001b[36m/>\u001b[39m\n            \u001b[36m<div\u001b[39m\n              \u001b[33mclass\u001b[39m=\u001b[32m\"absolute -inset-px rounded-md bg-gradient-to-r from-purple-400 via-purple-500 to-purple-600 opacity-0 blur-sm transition-opacity duration-500 group-hover:opacity-30\"\u001b[39m\n            \u001b[36m/>\u001b[39m\n          \u001b[36m</button>\u001b[39m\n          \u001b[36m<button\u001b[39m\n            \u001b[33mclass\u001b[39m=\u001b[32m\"relative flex w-[200px] cursor-pointer items-center justify-center rounded-md border-none p-[10px] flex-1\"\u001b[39m\n            \u001b[33mstyle\u001b[39m=\u001b[32m\"background-color: rgb(124, 58, 237); color: white; opacity: 1;\"\u001b[39m\n          \u001b[36m>\u001b[39m\n            \u001b[36m<span\u001b[39m\n              \u001b[33mclass\u001b[39m=\u001b[32m\"relative block font-semibold\"\u001b[39m\n              \u001b[33mstyle\u001b[39m=\u001b[32m\"transform: none;\"\u001b[39m\n            \u001b[36m>\u001b[39m\n              \u001b[36m<span\u001b[39m\n                \u001b[33mclass\u001b[39m=\u001b[32m\"flex items-center\"\u001b[39m\n              \u001b[36m>\u001b[39m\n                \u001b[36m<svg\u001b[39m\n                  \u001b[33maria-hidden\u001b[39m=\u001b[32m\"true\"\u001b[39m\n                  \u001b[33mclass\u001b[39m=\u001b[32m\"lucide lucide-message-circle w-4 h-4 mr-2\"\u001b[39m\n                  \u001b[33mfill\u001b[39m=\u001b[32m\"none\"\u001b[39m\n                  \u001b[33mheight\u001b[39m=\u001b[32m\"24\"\u001b[39m\n                  \u001b[33mstroke\u001b[39m=\u001b[32m\"currentColor\"\u001b[39m\n                  \u001b[33mstroke-linecap\u001b[39m=\u001b[32m\"round\"\u001b[39m\n                  \u001b[33mstroke-linejoin\u001b[39m=\u001b[32m\"round\"\u001b[39m\n                  \u001b[33mstroke-width\u001b[39m=\u001b[32m\"2\"\u001b[39m\n                  \u001b[33mviewBox\u001b[39m=\u001b[32m\"0 0 24 24\"\u001b[39m\n                  \u001b[33mwidth\u001b[39m=\u001b[32m\"24\"\u001b[39m\n                  \u001b[33mxmlns\u001b[39m=\u001b[32m\"http://www.w3.org/2000/svg\"\u001b[39m\n                \u001b[36m>\u001b[39m\n                  \u001b[36m<path\u001b[39m\n                    \u001b[33md\u001b[39m=\u001b[32m\"M7.9 20A9 9 0 1 0 4 16.1L2 22Z\"\u001b[39m\n                  \u001b[36m/>\u001b[39m\n                \u001b[36m</svg>\u001b[39m\n                \u001b[0mSubscribe to Updates\u001b[0m\n              \u001b[36m</span>\u001b[39m\n            \u001b[36m</span>\u001b[39m\n          \u001b[36m</button>\u001b[39m\n        \u001b[36m</div>\u001b[39m\n      \u001b[36m</form>\u001b[39m\n    \u001b[36m</div>\u001b[39m\n  \u001b[36m</div>\u001b[39m\n\u001b[36m</body>\u001b[39m\n    at Proxy.waitForWrapper (C:\\Users\\Tyson\\Desktop\\Development Tools\\nosytlabs-github-ready\\node_modules\\@testing-library\\react\\node_modules\\@testing-library\\dom\\dist\\wait-for.js:163:27)\n    at C:\\Users\\Tyson\\Desktop\\Development Tools\\nosytlabs-github-ready\\tests\\components\\enhanced-contact-form.test.tsx:122:13\n    at file:///C:/Users/Tyson/Desktop/Development%20Tools/nosytlabs-github-ready/node_modules/@vitest/runner/dist/chunk-hooks.js:752:20"],"meta":{}},{"ancestorTitles":["EnhancedContactForm","Form Validation"],"fullName":"EnhancedContactForm Form Validation should show validation error for invalid email format","status":"failed","title":"should show validation error for invalid email format","duration":1634.1920000000027,"failureMessages":["Error: Unable to find an element with the text: /please enter a valid email address/i. This could be because the text is broken up by multiple elements. In this case, you can provide a function for your text matcher to make your matcher more flexible.\n\nIgnored nodes: comments, script, style\n\u001b[36m<body>\u001b[39m\n  \u001b[36m<div>\u001b[39m\n    \u001b[36m<div\u001b[39m\n      \u001b[33mclass\u001b[39m=\u001b[32m\"max-w-2xl mx-auto\"\u001b[39m\n    \u001b[36m>\u001b[39m\n      \u001b[36m<form\u001b[39m\n        \u001b[33mclass\u001b[39m=\u001b[32m\"space-y-6\"\u001b[39m\n      \u001b[36m>\u001b[39m\n        \u001b[36m<div\u001b[39m\n          \u001b[33mclass\u001b[39m=\u001b[32m\"grid md:grid-cols-2 gap-6\"\u001b[39m\n        \u001b[36m>\u001b[39m\n          \u001b[36m<div\u001b[39m\n            \u001b[33mclass\u001b[39m=\u001b[32m\"form-group\"\u001b[39m\n          \u001b[36m>\u001b[39m\n            \u001b[36m<label\u001b[39m\n              \u001b[33mclass\u001b[39m=\u001b[32m\"block text-sm font-medium text-gray-700 dark:text-gray-300 mb-1\"\u001b[39m\n              \u001b[33mfor\u001b[39m=\u001b[32m\"name\"\u001b[39m\n            \u001b[36m>\u001b[39m\n              \u001b[0mName *\u001b[0m\n            \u001b[36m</label>\u001b[39m\n            \u001b[36m<div\u001b[39m\n              \u001b[33mclass\u001b[39m=\u001b[32m\"relative\"\u001b[39m\n            \u001b[36m>\u001b[39m\n              \u001b[36m<div\u001b[39m\n                \u001b[33mclass\u001b[39m=\u001b[32m\"absolute inset-y-0 left-0 pl-3 flex items-center pointer-events-none\"\u001b[39m\n              \u001b[36m>\u001b[39m\n                \u001b[36m<svg\u001b[39m\n                  \u001b[33mclass\u001b[39m=\u001b[32m\"h-5 w-5 text-gray-400\"\u001b[39m\n                  \u001b[33mfill\u001b[39m=\u001b[32m\"none\"\u001b[39m\n                  \u001b[33mstroke\u001b[39m=\u001b[32m\"currentColor\"\u001b[39m\n                  \u001b[33mviewBox\u001b[39m=\u001b[32m\"0 0 24 24\"\u001b[39m\n                  \u001b[33mxmlns\u001b[39m=\u001b[32m\"http://www.w3.org/2000/svg\"\u001b[39m\n                \u001b[36m>\u001b[39m\n                  \u001b[36m<path\u001b[39m\n                    \u001b[33md\u001b[39m=\u001b[32m\"M16 7a4 4 0 11-8 0 4 4 0 018 0zM12 14a7 7 0 00-7 7h14a7 7 0 00-7-7z\"\u001b[39m\n                    \u001b[33mstroke-linecap\u001b[39m=\u001b[32m\"round\"\u001b[39m\n                    \u001b[33mstroke-linejoin\u001b[39m=\u001b[32m\"round\"\u001b[39m\n                    \u001b[33mstroke-width\u001b[39m=\u001b[32m\"2\"\u001b[39m\n                  \u001b[36m/>\u001b[39m\n                \u001b[36m</svg>\u001b[39m\n              \u001b[36m</div>\u001b[39m\n              \u001b[36m<input\u001b[39m\n                \u001b[33mclass\u001b[39m=\u001b[32m\"w-full pl-10 pr-4 py-3 border border-nosyt-purple/20 rounded-lg focus:ring-2 focus:ring-nosyt-purple focus:border-transparent dark:border-nosyt-purple/30 dark:bg-gray-800\"\u001b[39m\n                \u001b[33mid\u001b[39m=\u001b[32m\"name\"\u001b[39m\n                \u001b[33mname\u001b[39m=\u001b[32m\"name\"\u001b[39m\n                \u001b[33mplaceholder\u001b[39m=\u001b[32m\"Your full name\"\u001b[39m\n                \u001b[33mrequired\u001b[39m=\u001b[32m\"\"\u001b[39m\n                \u001b[33mtype\u001b[39m=\u001b[32m\"text\"\u001b[39m\n                \u001b[33mvalue\u001b[39m=\u001b[32m\"John Doe\"\u001b[39m\n              \u001b[36m/>\u001b[39m\n            \u001b[36m</div>\u001b[39m\n          \u001b[36m</div>\u001b[39m\n          \u001b[36m<div\u001b[39m\n            \u001b[33mclass\u001b[39m=\u001b[32m\"form-group\"\u001b[39m\n          \u001b[36m>\u001b[39m\n            \u001b[36m<label\u001b[39m\n              \u001b[33mclass\u001b[39m=\u001b[32m\"block text-sm font-medium text-gray-700 dark:text-gray-300 mb-1\"\u001b[39m\n              \u001b[33mfor\u001b[39m=\u001b[32m\"email\"\u001b[39m\n            \u001b[36m>\u001b[39m\n              \u001b[0mEmail *\u001b[0m\n            \u001b[36m</label>\u001b[39m\n            \u001b[36m<div\u001b[39m\n              \u001b[33mclass\u001b[39m=\u001b[32m\"relative\"\u001b[39m\n            \u001b[36m>\u001b[39m\n              \u001b[36m<div\u001b[39m\n                \u001b[33mclass\u001b[39m=\u001b[32m\"absolute inset-y-0 left-0 pl-3 flex items-center pointer-events-none\"\u001b[39m\n              \u001b[36m>\u001b[39m\n                \u001b[36m<svg\u001b[39m\n                  \u001b[33maria-hidden\u001b[39m=\u001b[32m\"true\"\u001b[39m\n                  \u001b[33mclass\u001b[39m=\u001b[32m\"lucide lucide-mail h-5 w-5 text-gray-400\"\u001b[39m\n                  \u001b[33mfill\u001b[39m=\u001b[32m\"none\"\u001b[39m\n                  \u001b[33mheight\u001b[39m=\u001b[32m\"24\"\u001b[39m\n                  \u001b[33mstroke\u001b[39m=\u001b[32m\"currentColor\"\u001b[39m\n                  \u001b[33mstroke-linecap\u001b[39m=\u001b[32m\"round\"\u001b[39m\n                  \u001b[33mstroke-linejoin\u001b[39m=\u001b[32m\"round\"\u001b[39m\n                  \u001b[33mstroke-width\u001b[39m=\u001b[32m\"2\"\u001b[39m\n                  \u001b[33mviewBox\u001b[39m=\u001b[32m\"0 0 24 24\"\u001b[39m\n                  \u001b[33mwidth\u001b[39m=\u001b[32m\"24\"\u001b[39m\n                  \u001b[33mxmlns\u001b[39m=\u001b[32m\"http://www.w3.org/2000/svg\"\u001b[39m\n                \u001b[36m>\u001b[39m\n                  \u001b[36m<path\u001b[39m\n                    \u001b[33md\u001b[39m=\u001b[32m\"m22 7-8.991 5.727a2 2 0 0 1-2.009 0L2 7\"\u001b[39m\n                  \u001b[36m/>\u001b[39m\n                  \u001b[36m<rect\u001b[39m\n                    \u001b[33mheight\u001b[39m=\u001b[32m\"16\"\u001b[39m\n                    \u001b[33mrx\u001b[39m=\u001b[32m\"2\"\u001b[39m\n                    \u001b[33mwidth\u001b[39m=\u001b[32m\"20\"\u001b[39m\n                    \u001b[33mx\u001b[39m=\u001b[32m\"2\"\u001b[39m\n                    \u001b[33my\u001b[39m=\u001b[32m\"4\"\u001b[39m\n                  \u001b[36m/>\u001b[39m\n                \u001b[36m</svg>\u001b[39m\n              \u001b[36m</div>\u001b[39m\n              \u001b[36m<input\u001b[39m\n                \u001b[33mclass\u001b[39m=\u001b[32m\"w-full pl-10 pr-4 py-3 border border-nosyt-purple/20 rounded-lg focus:ring-2 focus:ring-nosyt-purple focus:border-transparent dark:border-nosyt-purple/30 dark:bg-gray-800\"\u001b[39m\n                \u001b[33mid\u001b[39m=\u001b[32m\"email\"\u001b[39m\n                \u001b[33mname\u001b[39m=\u001b[32m\"email\"\u001b[39m\n                \u001b[33mplaceholder\u001b[39m=\u001b[32m\"your@email.com\"\u001b[39m\n                \u001b[33mrequired\u001b[39m=\u001b[32m\"\"\u001b[39m\n                \u001b[33mtype\u001b[39m=\u001b[32m\"email\"\u001b[39m\n                \u001b[33mvalue\u001b[39m=\u001b[32m\"invalid-email\"\u001b[39m\n              \u001b[36m/>\u001b[39m\n            \u001b[36m</div>\u001b[39m\n          \u001b[36m</div>\u001b[39m\n        \u001b[36m</div>\u001b[39m\n        \u001b[36m<div\u001b[39m\n          \u001b[33mclass\u001b[39m=\u001b[32m\"form-group\"\u001b[39m\n        \u001b[36m>\u001b[39m\n          \u001b[36m<label\u001b[39m\n            \u001b[33mclass\u001b[39m=\u001b[32m\"block text-sm font-medium text-gray-700 dark:text-gray-300 mb-1\"\u001b[39m\n            \u001b[33mfor\u001b[39m=\u001b[32m\"service\"\u001b[39m\n          \u001b[36m>\u001b[39m\n            \u001b[0mService Interest\u001b[0m\n          \u001b[36m</label>\u001b[39m\n          \u001b[36m<select\u001b[39m\n            \u001b[33mclass\u001b[39m=\u001b[32m\"w-full px-4 py-3 border border-nosyt-purple/20 rounded-lg focus:ring-2 focus:ring-nosyt-purple focus:border-transparent dark:border-nosyt-purple/30 dark:bg-gray-800\"\u001b[39m\n            \u001b[33mid\u001b[39m=\u001b[32m\"service\"\u001b[39m\n            \u001b[33mname\u001b[39m=\u001b[32m\"service\"\u001b[39m\n          \u001b[36m>\u001b[39m\n            \u001b[36m<option\u001b[39m\n              \u001b[33mvalue\u001b[39m=\u001b[32m\"Web Development\"\u001b[39m\n            \u001b[36m>\u001b[39m\n              \u001b[0mWeb Development\u001b[0m\n            \u001b[36m</option>\u001b[39m\n            \u001b[36m<option\u001b[39m\n              \u001b[33mvalue\u001b[39m=\u001b[32m\"AI Integration\"\u001b[39m\n            \u001b[36m>\u001b[39m\n              \u001b[0mAI Integration\u001b[0m\n            \u001b[36m</option>\u001b[39m\n            \u001b[36m<option\u001b[39m\n              \u001b[33mvalue\u001b[39m=\u001b[32m\"Mobile Apps\"\u001b[39m\n            \u001b[36m>\u001b[39m\n              \u001b[0mMobile Apps\u001b[0m\n            \u001b[36m</option>\u001b[39m\n            \u001b[36m<option\u001b[39m\n              \u001b[33mvalue\u001b[39m=\u001b[32m\"Consulting\"\u001b[39m\n            \u001b[36m>\u001b[39m\n              \u001b[0mConsulting\u001b[0m\n            \u001b[36m</option>\u001b[39m\n            \u001b[36m<option\u001b[39m\n              \u001b[33mvalue\u001b[39m=\u001b[32m\"3D Printing\"\u001b[39m\n            \u001b[36m>\u001b[39m\n              \u001b[0m3D Printing\u001b[0m\n            \u001b[36m</option>\u001b[39m\n            \u001b[36m<option\u001b[39m\n              \u001b[33mvalue\u001b[39m=\u001b[32m\"Other\"\u001b[39m\n            \u001b[36m>\u001b[39m\n              \u001b[0mOther\u001b[0m\n            \u001b[36m</option>\u001b[39m\n          \u001b[36m</select>\u001b[39m\n        \u001b[36m</div>\u001b[39m\n        \u001b[36m<div\u001b[39m\n          \u001b[33mclass\u001b[39m=\u001b[32m\"form-group\"\u001b[39m\n        \u001b[36m>\u001b[39m\n          \u001b[36m<label\u001b[39m\n            \u001b[33mclass\u001b[39m=\u001b[32m\"block text-sm font-medium text-gray-700 dark:text-gray-300 mb-1\"\u001b[39m\n            \u001b[33mfor\u001b[39m=\u001b[32m\"subject\"\u001b[39m\n          \u001b[36m>\u001b[39m\n            \u001b[0mSubject *\u001b[0m\n          \u001b[36m</label>\u001b[39m\n          \u001b[36m<input\u001b[39m\n            \u001b[33mclass\u001b[39m=\u001b[32m\"w-full px-4 py-3 border border-nosyt-purple/20 rounded-lg focus:ring-2 focus:ring-nosyt-purple focus:border-transparent dark:border-nosyt-purple/30 dark:bg-gray-800\"\u001b[39m\n            \u001b[33mid\u001b[39m=\u001b[32m\"subject\"\u001b[39m\n            \u001b[33mname\u001b[39m=\u001b[32m\"subject\"\u001b[39m\n            \u001b[33mplaceholder\u001b[39m=\u001b[32m\"Brief description of your project\"\u001b[39m\n            \u001b[33mrequired\u001b[39m=\u001b[32m\"\"\u001b[39m\n            \u001b[33mtype\u001b[39m=\u001b[32m\"text\"\u001b[39m\n            \u001b[33mvalue\u001b[39m=\u001b[32m\"\"\u001b[39m\n          \u001b[36m/>\u001b[39m\n        \u001b[36m</div>\u001b[39m\n        \u001b[36m<div\u001b[39m\n          \u001b[33mclass\u001b[39m=\u001b[32m\"form-group\"\u001b[39m\n        \u001b[36m>\u001b[39m\n          \u001b[36m<label\u001b[39m\n            \u001b[33mclass\u001b[39m=\u001b[32m\"block text-sm font-medium text-gray-700 dark:text-gray-300 mb-1\"\u001b[39m\n            \u001b[33mfor\u001b[39m=\u001b[32m\"message\"\u001b[39m\n          \u001b[36m>\u001b[39m\n            \u001b[0mMessage *\u001b[0m\n          \u001b[36m</label>\u001b[39m\n          \u001b[36m<textarea\u001b[39m\n            \u001b[33mclass\u001b[39m=\u001b[32m\"w-full px-4 py-3 border border-nosyt-purple/20 rounded-lg focus:ring-2 focus:ring-nosyt-purple focus:border-transparent dark:border-nosyt-purple/30 dark:bg-gray-800\"\u001b[39m\n            \u001b[33mid\u001b[39m=\u001b[32m\"message\"\u001b[39m\n            \u001b[33mname\u001b[39m=\u001b[32m\"message\"\u001b[39m\n            \u001b[33mplaceholder\u001b[39m=\u001b[32m\"Tell us about your project requirements...\"\u001b[39m\n            \u001b[33mrequired\u001b[39m=\u001b[32m\"\"\u001b[39m\n            \u001b[33mrows\u001b[39m=\u001b[32m\"5\"\u001b[39m\n          \u001b[36m/>\u001b[39m\n        \u001b[36m</div>\u001b[39m\n        \u001b[36m<div\u001b[39m\n          \u001b[33mclass\u001b[39m=\u001b[32m\"flex flex-col sm:flex-row gap-4\"\u001b[39m\n        \u001b[36m>\u001b[39m\n          \u001b[36m<button\u001b[39m\n            \u001b[33mclass\u001b[39m=\u001b[32m\"group relative inline-flex h-12 items-center justify-center overflow-hidden rounded-md bg-gradient-to-r from-purple-600 to-purple-700 px-6 font-medium text-white transition-all duration-300 hover:from-purple-700 hover:to-purple-800 focus:outline-none focus:ring-2 focus:ring-purple-400 focus:ring-offset-2 active:scale-95 flex-1\"\u001b[39m\n            \u001b[33mtype\u001b[39m=\u001b[32m\"submit\"\u001b[39m\n          \u001b[36m>\u001b[39m\n            \u001b[36m<span\u001b[39m\n              \u001b[33mclass\u001b[39m=\u001b[32m\"relative z-10\"\u001b[39m\n            \u001b[36m>\u001b[39m\n              \u001b[36m<svg\u001b[39m\n                \u001b[33maria-hidden\u001b[39m=\u001b[32m\"true\"\u001b[39m\n                \u001b[33mclass\u001b[39m=\u001b[32m\"lucide lucide-send w-4 h-4 mr-2\"\u001b[39m\n                \u001b[33mfill\u001b[39m=\u001b[32m\"none\"\u001b[39m\n                \u001b[33mheight\u001b[39m=\u001b[32m\"24\"\u001b[39m\n                \u001b[33mstroke\u001b[39m=\u001b[32m\"currentColor\"\u001b[39m\n                \u001b[33mstroke-linecap\u001b[39m=\u001b[32m\"round\"\u001b[39m\n                \u001b[33mstroke-linejoin\u001b[39m=\u001b[32m\"round\"\u001b[39m\n                \u001b[33mstroke-width\u001b[39m=\u001b[32m\"2\"\u001b[39m\n                \u001b[33mviewBox\u001b[39m=\u001b[32m\"0 0 24 24\"\u001b[39m\n                \u001b[33mwidth\u001b[39m=\u001b[32m\"24\"\u001b[39m\n                \u001b[33mxmlns\u001b[39m=\u001b[32m\"http://www.w3.org/2000/svg\"\u001b[39m\n              \u001b[36m>\u001b[39m\n                \u001b[36m<path\u001b[39m\n                  \u001b[33md\u001b[39m=\u001b[32m\"M14.536 21.686a.5.5 0 0 0 .937-.024l6.5-19a.496.496 0 0 0-.635-.635l-19 6.5a.5.5 0 0 0-.024.937l7.93 3.18a2 2 0 0 1 1.112 1.11z\"\u001b[39m\n                \u001b[36m/>\u001b[39m\n                \u001b[36m<path\u001b[39m\n                  \u001b[33md\u001b[39m=\u001b[32m\"m21.854 2.147-10.94 10.939\"\u001b[39m\n                \u001b[36m/>\u001b[39m\n              \u001b[36m</svg>\u001b[39m\n              \u001b[0mSend Message\u001b[0m\n            \u001b[36m</span>\u001b[39m\n            \u001b[36m<div\u001b[39m\n              \u001b[33mclass\u001b[39m=\u001b[32m\"absolute inset-0 -top-[2px] mx-auto h-px w-1/2 bg-gradient-to-r from-transparent via-white to-transparent opacity-0 transition-opacity duration-500 group-hover:opacity-40\"\u001b[39m\n            \u001b[36m/>\u001b[39m\n            \u001b[36m<div\u001b[39m\n              \u001b[33mclass\u001b[39m=\u001b[32m\"absolute inset-0 bg-gradient-to-r from-transparent via-white/10 to-transparent opacity-0 transition-opacity duration-500 group-hover:opacity-100\"\u001b[39m\n            \u001b[36m/>\u001b[39m\n            \u001b[36m<div\u001b[39m\n              \u001b[33mclass\u001b[39m=\u001b[32m\"absolute -inset-px rounded-md bg-gradient-to-r from-purple-400 via-purple-500 to-purple-600 opacity-0 blur-sm transition-opacity duration-500 group-hover:opacity-30\"\u001b[39m\n            \u001b[36m/>\u001b[39m\n          \u001b[36m</button>\u001b[39m\n          \u001b[36m<button\u001b[39m\n            \u001b[33mclass\u001b[39m=\u001b[32m\"relative flex w-[200px] cursor-pointer items-center justify-center rounded-md border-none p-[10px] flex-1\"\u001b[39m\n            \u001b[33mstyle\u001b[39m=\u001b[32m\"background-color: rgb(124, 58, 237); color: white; opacity: 1;\"\u001b[39m\n          \u001b[36m>\u001b[39m\n            \u001b[36m<span\u001b[39m\n              \u001b[33mclass\u001b[39m=\u001b[32m\"relative block font-semibold\"\u001b[39m\n              \u001b[33mstyle\u001b[39m=\u001b[32m\"transform: none;\"\u001b[39m\n            \u001b[36m>\u001b[39m\n              \u001b[36m<span\u001b[39m\n                \u001b[33mclass\u001b[39m=\u001b[32m\"flex items-center\"\u001b[39m\n              \u001b[36m>\u001b[39m\n                \u001b[36m<svg\u001b[39m\n                  \u001b[33maria-hidden\u001b[39m=\u001b[32m\"true\"\u001b[39m\n                  \u001b[33mclass\u001b[39m=\u001b[32m\"lucide lucide-message-circle w-4 h-4 mr-2\"\u001b[39m\n                  \u001b[33mfill\u001b[39m=\u001b[32m\"none\"\u001b[39m\n                  \u001b[33mheight\u001b[39m=\u001b[32m\"24\"\u001b[39m\n                  \u001b[33mstroke\u001b[39m=\u001b[32m\"currentColor\"\u001b[39m\n                  \u001b[33mstroke-linecap\u001b[39m=\u001b[32m\"round\"\u001b[39m\n                  \u001b[33mstroke-linejoin\u001b[39m=\u001b[32m\"round\"\u001b[39m\n                  \u001b[33mstroke-width\u001b[39m=\u001b[32m\"2\"\u001b[39m\n                  \u001b[33mviewBox\u001b[39m=\u001b[32m\"0 0 24 24\"\u001b[39m\n                  \u001b[33mwidth\u001b[39m=\u001b[32m\"24\"\u001b[39m\n                  \u001b[33mxmlns\u001b[39m=\u001b[32m\"http://www.w3.org/2000/svg\"\u001b[39m\n                \u001b[36m>\u001b[39m\n                  \u001b[36m<path\u001b[39m\n                    \u001b[33md\u001b[39m=\u001b[32m\"M7.9 20A9 9 0 1 0 4 16.1L2 22Z\"\u001b[39m\n                  \u001b[36m/>\u001b[39m\n                \u001b[36m</svg>\u001b[39m\n                \u001b[0mSubscribe to Updates\u001b[0m\n              \u001b[36m</span>\u001b[39m\n            \u001b[36m</span>\u001b[39m\n          \u001b[36m</button>\u001b[39m\n        \u001b[36m</div>\u001b[39m\n      \u001b[36m</form>\u001b[39m\n    \u001b[36m</div>\u001b[39m\n  \u001b[36m</div>\u001b[39m\n\u001b[36m</body>\u001b[39m\n    at Proxy.waitForWrapper (C:\\Users\\Tyson\\Desktop\\Development Tools\\nosytlabs-github-ready\\node_modules\\@testing-library\\react\\node_modules\\@testing-library\\dom\\dist\\wait-for.js:163:27)\n    at C:\\Users\\Tyson\\Desktop\\Development Tools\\nosytlabs-github-ready\\tests\\components\\enhanced-contact-form.test.tsx:140:13\n    at file:///C:/Users/Tyson/Desktop/Development%20Tools/nosytlabs-github-ready/node_modules/@vitest/runner/dist/chunk-hooks.js:752:20"],"meta":{}},{"ancestorTitles":["EnhancedContactForm","Form Validation"],"fullName":"EnhancedContactForm Form Validation should show validation error for empty message","status":"failed","title":"should show validation error 
[...]
C:/Users/Tyson/Desktop/Development%20Tools/nosytlabs-github-ready/node_modules/@vitest/runner/dist/chunk-hooks.js:1894:20\n    at new Promise (<anonymous>)\n    at runWithTimeout (file:///C:/Users/Tyson/Desktop/Development%20Tools/nosytlabs-github-ready/node_modules/@vitest/runner/dist/chunk-hooks.js:1860:10)"],"meta":{}},{"ancestorTitles":["withErrorBoundary HOC"],"fullName":"withErrorBoundary HOC should wrap component with error boundary","status":"passed","title":"should wrap component with error boundary","duration":2.9134000000012747,"failureMessages":[],"meta":{}},{"ancestorTitles":["withErrorBoundary HOC"],"fullName":"withErrorBoundary HOC should handle errors in wrapped component","status":"passed","title":"should handle errors in wrapped component","duration":11.359599999999773,"failureMessages":[],"meta":{}},{"ancestorTitles":["withErrorBoundary HOC"],"fullName":"withErrorBoundary HOC should accept custom error boundary options","status":"passed","title":"should accept custom error boundary options","duration":4.957899999997608,"failureMessages":[],"meta":{}},{"ancestorTitles":["useErrorHandler hook"],"fullName":"useErrorHandler hook should provide error handling utilities","status":"failed","title":"should provide error handling utilities","duration":10.52759999999762,"failureMessages":["AssertionError: expected 'undefined' to be 'function' // Object.is equality\n    at C:\\Users\\Tyson\\Desktop\\Development Tools\\nosytlabs-github-ready\\tests\\components\\error-boundary.test.tsx:204:45\n    at file:///C:/Users/Tyson/Desktop/Development%20Tools/nosytlabs-github-ready/node_modules/@vitest/runner/dist/chunk-hooks.js:155:11\n    at file:///C:/Users/Tyson/Desktop/Development%20Tools/nosytlabs-github-ready/node_modules/@vitest/runner/dist/chunk-hooks.js:752:26\n    at file:///C:/Users/Tyson/Desktop/Development%20Tools/nosytlabs-github-ready/node_modules/@vitest/runner/dist/chunk-hooks.js:1894:20\n    at new Promise (<anonymous>)\n    at runWithTimeout (file:///C:/Users/Tyson/Desktop/Development%20Tools/nosytlabs-github-ready/node_modules/@vitest/runner/dist/chunk-hooks.js:1860:10)\n    at runTest (file:///C:/Users/Tyson/Desktop/Development%20Tools/nosytlabs-github-ready/node_modules/@vitest/runner/dist/chunk-hooks.js:1571:12)\n    at processTicksAndRejections (node:internal/process/task_queues:105:5)\n    at runSuite (file:///C:/Users/Tyson/Desktop/Development%20Tools/nosytlabs-github-ready/node_modules/@vitest/runner/dist/chunk-hooks.js:1726:8)\n    at runSuite (file:///C:/Users/Tyson/Desktop/Development%20Tools/nosytlabs-github-ready/node_modules/@vitest/runner/dist/chunk-hooks.js:1726:8)"],"meta":{}},{"ancestorTitles":["useErrorHandler hook"],"fullName":"useErrorHandler hook should handle async errors","status":"failed","title":"should handle async errors","duration":4.9680999999982305,"failureMessages":["TypeError: errorHandler.handleAsync is not a function\n    at C:\\Users\\Tyson\\Desktop\\Development Tools\\nosytlabs-github-ready\\tests\\components\\error-boundary.test.tsx:223:18\n    at file:///C:/Users/Tyson/Desktop/Development%20Tools/nosytlabs-github-ready/node_modules/@vitest/runner/dist/chunk-hooks.js:155:11\n    at file:///C:/Users/Tyson/Desktop/Development%20Tools/nosytlabs-github-ready/node_modules/@vitest/runner/dist/chunk-hooks.js:752:26\n    at file:///C:/Users/Tyson/Desktop/Development%20Tools/nosytlabs-github-ready/node_modules/@vitest/runner/dist/chunk-hooks.js:1894:20\n    at new Promise (<anonymous>)\n    at runWithTimeout (file:///C:/Users/Tyson/Desktop/Development%20Tools/nosytlabs-github-ready/node_modules/@vitest/runner/dist/chunk-hooks.js:1860:10)\n    at runTest (file:///C:/Users/Tyson/Desktop/Development%20Tools/nosytlabs-github-ready/node_modules/@vitest/runner/dist/chunk-hooks.js:1571:12)\n    at processTicksAndRejections (node:internal/process/task_queues:105:5)\n    at runSuite (file:///C:/Users/Tyson/Desktop/Development%20Tools/nosytlabs-github-ready/node_modules/@vitest/runner/dist/chunk-hooks.js:1726:8)\n    at runSuite (file:///C:/Users/Tyson/Desktop/Development%20Tools/nosytlabs-github-ready/node_modules/@vitest/runner/dist/chunk-hooks.js:1726:8)"],"meta":{}},{"ancestorTitles":["ErrorBoundary Accessibility"],"fullName":"ErrorBoundary Accessibility should have proper ARIA attributes in error state","status":"failed","title":"should have proper ARIA attributes in error state","duration":154.9261000000006,"failureMessages":["TestingLibraryElementError: Unable to find an accessible element with the role \"alert\"\n\nHere are the accessible roles:\n\n  heading:\n\n  Name \"Oops! Something went wrong\":\n  \u001b[36m<h3\u001b[39m\n    \u001b[33mclass\u001b[39m=\u001b[32m\"text-lg font-semibold text-red-800 dark:text-red-200 mb-2\"\u001b[39m\n  \u001b[36m/>\u001b[39m\n\n  --------------------------------------------------\n  button:\n\n  Name \"Try Again\":\n  \u001b[36m<button\u001b[39m\n    \u001b[33mclass\u001b[39m=\u001b[32m\"px-4 py-2 bg-red-600 text-white rounded hover:bg-red-700 transition-colors\"\u001b[39m\n  \u001b[36m/>\u001b[39m\n\n  Name \"Refresh Page\":\n  \u001b[36m<button\u001b[39m\n    \u001b[33mclass\u001b[39m=\u001b[32m\"px-4 py-2 bg-gray-600 text-white rounded hover:bg-gray-700 transition-colors\"\u001b[39m\n  \u001b[36m/>\u001b[39m\n\n  --------------------------------------------------\n\nIgnored nodes: comments, script, style\n\u001b[36m<body>\u001b[39m\n  \u001b[36m<div>\u001b[39m\n    \u001b[36m<div\u001b[39m\n      \u001b[33mclass\u001b[39m=\u001b[32m\"min-h-[200px] flex items-center justify-center p-8 bg-red-50 border-2 border-red-200 rounded-lg dark:bg-red-900/10 dark:border-red-700/20\"\u001b[39m\n    \u001b[36m>\u001b[39m\n      \u001b[36m<div\u001b[39m\n        \u001b[33mclass\u001b[39m=\u001b[32m\"text-center max-w-md\"\u001b[39m\n      \u001b[36m>\u001b[39m\n        \u001b[36m<div\u001b[39m\n          \u001b[33mclass\u001b[39m=\u001b[32m\"w-12 h-12 mx-auto mb-4 text-red-500\"\u001b[39m\n        \u001b[36m>\u001b[39m\n          \u001b[36m<svg\u001b[39m\n            \u001b[33mfill\u001b[39m=\u001b[32m\"none\"\u001b[39m\n            \u001b[33mstroke\u001b[39m=\u001b[32m\"currentColor\"\u001b[39m\n            \u001b[33mviewBox\u001b[39m=\u001b[32m\"0 0 24 24\"\u001b[39m\n          \u001b[36m>\u001b[39m\n            \u001b[36m<path\u001b[39m\n              \u001b[33md\u001b[39m=\u001b[32m\"M12 9v2m0 4h.01m-6.938 4h13.856c1.54 0 2.502-1.667 1.732-2.5L13.732 4c-.77-.833-1.964-.833-2.732 0L3.732 16.5c-.77.833.192 2.5 1.732 2.5z\"\u001b[39m\n              \u001b[33mstroke-linecap\u001b[39m=\u001b[32m\"round\"\u001b[39m\n              \u001b[33mstroke-linejoin\u001b[39m=\u001b[32m\"round\"\u001b[39m\n              \u001b[33mstroke-width\u001b[39m=\u001b[32m\"2\"\u001b[39m\n            \u001b[36m/>\u001b[39m\n          \u001b[36m</svg>\u001b[39m\n        \u001b[36m</div>\u001b[39m\n        \u001b[36m<h3\u001b[39m\n          \u001b[33mclass\u001b[39m=\u001b[32m\"text-lg font-semibold text-red-800 dark:text-red-200 mb-2\"\u001b[39m\n        \u001b[36m>\u001b[39m\n          \u001b[0mOops! Something went wrong\u001b[0m\n        \u001b[36m</h3>\u001b[39m\n        \u001b[36m<p\u001b[39m\n          \u001b[33mclass\u001b[39m=\u001b[32m\"text-red-600 dark:text-red-300 mb-4\"\u001b[39m\n        \u001b[36m>\u001b[39m\n          \u001b[0mWe're sorry, but there was an error loading this component. Please try refreshing the page or contact support if the problem persists.\u001b[0m\n        \u001b[36m</p>\u001b[39m\n        \u001b[36m<div\u001b[39m\n          \u001b[33mclass\u001b[39m=\u001b[32m\"flex gap-2 justify-center\"\u001b[39m\n        \u001b[36m>\u001b[39m\n          \u001b[36m<button\u001b[39m\n            \u001b[33mclass\u001b[39m=\u001b[32m\"px-4 py-2 bg-red-600 text-white rounded hover:bg-red-700 transition-colors\"\u001b[39m\n          \u001b[36m>\u001b[39m\n            \u001b[0mTry Again\u001b[0m\n          \u001b[36m</button>\u001b[39m\n          \u001b[36m<button\u001b[39m\n            \u001b[33mclass\u001b[39m=\u001b[32m\"px-4 py-2 bg-gray-600 text-white rounded hover:bg-gray-700 transition-colors\"\u001b[39m\n          \u001b[36m>\u001b[39m\n            \u001b[0mRefresh Page\u001b[0m\n          \u001b[36m</button>\u001b[39m\n        \u001b[36m</div>\u001b[39m\n        \u001b[36m<p\u001b[39m\n          \u001b[33mclass\u001b[39m=\u001b[32m\"text-xs text-gray-500 dark:text-gray-400 mt-4\"\u001b[39m\n        \u001b[36m>\u001b[39m\n          \u001b[0mError ID: \u001b[0m\n          \u001b[0merror_1749867661593_zupj420kh\u001b[0m\n        \u001b[36m</p>\u001b[39m\n      \u001b[36m</div>\u001b[39m\n    \u001b[36m</div>\u001b[39m\n  \u001b[36m</div>\u001b[39m\n\u001b[36m</body>\u001b[39m\n    at Object.getElementError (C:\\Users\\Tyson\\Desktop\\Development Tools\\nosytlabs-github-ready\\node_modules\\@testing-library\\react\\node_modules\\@testing-library\\dom\\dist\\config.js:37:19)\n    at C:\\Users\\Tyson\\Desktop\\Development Tools\\nosytlabs-github-ready\\node_modules\\@testing-library\\react\\node_modules\\@testing-library\\dom\\dist\\query-helpers.js:76:38\n    at C:\\Users\\Tyson\\Desktop\\Development Tools\\nosytlabs-github-ready\\node_modules\\@testing-library\\react\\node_modules\\@testing-library\\dom\\dist\\query-helpers.js:52:17\n    at C:\\Users\\Tyson\\Desktop\\Development Tools\\nosytlabs-github-ready\\node_modules\\@testing-library\\react\\node_modules\\@testing-library\\dom\\dist\\query-helpers.js:95:19\n    at C:\\Users\\Tyson\\Desktop\\Development Tools\\nosytlabs-github-ready\\tests\\components\\error-boundary.test.tsx:238:35\n    at file:///C:/Users/Tyson/Desktop/Development%20Tools/nosytlabs-github-ready/node_modules/@vitest/runner/dist/chunk-hooks.js:155:11\n    at file:///C:/Users/Tyson/Desktop/Development%20Tools/nosytlabs-github-ready/node_modules/@vitest/runner/dist/chunk-hooks.js:752:26\n    at file:///C:/Users/Tyson/Desktop/Development%20Tools/nosytlabs-github-ready/node_modules/@vitest/runner/dist/chunk-hooks.js:1894:20\n    at new Promise (<anonymous>)\n    at runWithTimeout (file:///C:/Users/Tyson/Desktop/Development%20Tools/nosytlabs-github-ready/node_modules/@vitest/runner/dist/chunk-hooks.js:1860:10)"],"meta":{}},{"ancestorTitles":["ErrorBoundary Accessibility"],"fullName":"ErrorBoundary Accessibility should support keyboard navigation in error state","status":"passed","title":"should support keyboard navigation in error state","duration":45.02490000000034,"failureMessages":[],"meta":{}},{"ancestorTitles":["ErrorBoundary Integration"],"fullName":"ErrorBoundary Integration should work with React Suspense boundaries","status":"passed","title":"should work with React Suspense boundaries","duration":5.346699999998236,"failureMessages":[],"meta":{}},{"ancestorTitles":["ErrorBoundary Integration"],"fullName":"ErrorBoundary Integration should handle errors during component lifecycle methods","status":"passed","title":"should handle errors during component lifecycle methods","duration":11.253199999999197,"failureMessages":[],"meta":{}}],"startTime":1749867660970,"endTime":1749867661803.2532,"status":"failed","message":"","name":"C:/Users/Tyson/Desktop/Development Tools/nosytlabs-github-ready/tests/components/error-boundary.test.tsx"},{"assertionResults":[{"ancestorTitles":["NosytLabs Navigation System","Dark Mode Toggle"],"fullName":"NosytLabs Navigation System Dark Mode Toggle should toggle theme class on html element","status":"passed","title":"should toggle theme class on html element","duration":37.025699999998324,"failureMessages":[],"meta":{}},{"ancestorTitles":["NosytLabs Navigation System","Dark Mode Toggle"],"fullName":"NosytLabs Navigation System Dark Mode Toggle should respect user system preference","status":"passed","title":"should respect user system preference","duration":2.5898999999990338,"failureMessages":[],"meta":{}},{"ancestorTitles":["NosytLabs Navigation System","Navigation Accessibility"],"fullName":"NosytLabs Navigation System Navigation Accessibility should have proper skip links","status":"passed","title":"should have proper skip links","duration":3.628899999999703,"failureMessages":[],"meta":{}},{"ancestorTitles":["NosytLabs Navigation System","Navigation Accessibility"],"fullName":"NosytLabs Navigation System Navigation Accessibility should handle keyboard navigation correctly","status":"passed","title":"should handle keyboard navigation correctly","duration":12.753600000000006,"failureMessages":[],"meta":{}},{"ancestorTitles":["NosytLabs Navigation System","Mobile Navigation"],"fullName":"NosytLabs Navigation System Mobile Navigation should toggle mobile menu visibility","status":"passed","title":"should toggle mobile menu visibility","duration":3.8338999999978114,"failureMessages":[],"meta":{}},{"ancestorTitles":["NosytLabs Navigation System","Back to Top Button"],"fullName":"NosytLabs Navigation System Back to Top Button should show/hide based on scroll position","status":"passed","title":"should show/hide based on scroll position","duration":3.646600000000035,"failureMessages":[],"meta":{}},{"ancestorTitles":["NosytLabs Navigation System","Back to Top Button"],"fullName":"NosytLabs Navigation System Back to Top Button should scroll to top when clicked","status":"passed","title":"should scroll to top when clicked","duration":3.5349999999998545,"failureMessages":[],"meta":{}}],"startTime":1749867660936,"endTime":1749867661004.535,"status":"passed","message":"","name":"C:/Users/Tyson/Desktop/Development Tools/nosytlabs-github-ready/tests/components/navigation.test.ts"},{"assertionResults":[{"ancestorTitles":["NosytLabs Integration Tests","Full Page Integration"],"fullName":"NosytLabs Integration Tests Full Page Integration should initialize complete page functionality","status":"passed","title":"should initialize complete page functionality","duration":89.65750000000116,"failureMessages":[],"meta":{}},{"ancestorTitles":["NosytLabs Integration Tests","Full Page Integration"],"fullName":"NosytLabs Integration Tests Full Page Integration should handle complete dark mode functionality","status":"passed","title":"should handle complete dark mode functionality","duration":29.63669999999911,"failureMessages":[],"meta":{}},{"ancestorTitles":["NosytLabs Integration Tests","Full Page Integration"],"fullName":"NosytLabs Integration Tests Full Page Integration should integrate performance monitoring with user interactions","status":"passed","title":"should integrate performance monitoring with user interactions","duration":8.824899999999616,"failureMessages":[],"meta":{}},{"ancestorTitles":["NosytLabs Integration Tests","API Integration"],"fullName":"NosytLabs Integration Tests API Integration should handle contact form submission","status":"passed","title":"should handle contact form submission","duration":14.009500000000116,"failureMessages":[],"meta":{}},{"ancestorTitles":["NosytLabs Integration Tests","API Integration"],"fullName":"NosytLabs Integration Tests API Integration should handle API errors gracefully","status":"passed","title":"should handle API errors gracefully","duration":1.7834000000002561,"failureMessages":[],"meta":{}},{"ancestorTitles":["NosytLabs Integration Tests","API Integration"],"fullName":"NosytLabs Integration Tests API Integration should handle performance API integration","status":"passed","title":"should handle performance API integration","duration":1.9776000000019849,"failureMessages":[],"meta":{}},{"ancestorTitles":["NosytLabs Integration Tests","Responsive Behavior"],"fullName":"NosytLabs Integration Tests Responsive Behavior should adapt layout for different screen sizes","status":"passed","title":"should adapt layout for different screen sizes","duration":7.374600000002829,"failureMessages":[],"meta":{}},{"ancestorTitles":["NosytLabs Integration Tests","Responsive Behavior"],"fullName":"NosytLabs Integration Tests Responsive Behavior should handle touch interactions on mobile devices","status":"passed","title":"should handle touch interactions on mobile devices","duration":3.6479999999974098,"failureMessages":[],"meta":{}},{"ancestorTitles":["NosytLabs Integration Tests","Error Handling Integration"],"fullName":"NosytLabs Integration Tests Error Handling Integration should handle global errors gracefully","status":"passed","title":"should handle global errors gracefully","duration":24.68029999999999,"failureMessages":[],"meta":{}},{"ancestorTitles":["NosytLabs Integration Tests","Error Handling Integration"],"fullName":"NosytLabs Integration Tests Error Handling Integration should provide error recovery mechanisms","status":"passed","title":"should provide error recovery mechanisms","duration":10.155800000000454,"failureMessages":[],"meta":{}}],"startTime":1749867660195,"endTime":1749867660389.1558,"status":"passed","message":"","name":"C:/Users/Tyson/Desktop/Development Tools/nosytlabs-github-ready/tests/integration/full-page.test.ts"},{"assertionResults":[{"ancestorTitles":["NosytLabs Performance Utilities","Performance Monitor"],"fullName":"NosytLabs Performance Utilities Performance Monitor should initialize performance monitoring","status":"passed","title":"should initialize performance monitoring","duration":5.719099999998434,"failureMessages":[],"meta":{}},{"ancestorTitles":["NosytLabs Performance Utilities","Performance Monitor"],"fullName":"NosytLabs Performance Utilities Performance Monitor should collect Core Web Vitals metrics","status":"passed","title":"should collect Core Web Vitals metrics","duration":2.8830999999991036,"failureMessages":[],"meta":{}},{"ancestorTitles":["NosytLabs Performance Utilities","Performance Monitor"],"fullName":"NosytLabs Performance Utilities Performance Monitor should handle performance API errors gracefully","status":"passed","title":"should handle performance API errors gracefully","duration":6.261600000001636,"failureMessages":[],"meta":{}},{"ancestorTitles":["NosytLabs Performance Utilities","Image Optimization"],"fullName":"NosytLabs Performance Utilities Image Optimization should handle responsive image loading","status":"passed","title":"should handle responsive image loading","duration":18.09809999999925,"failureMessages":[],"meta":{}},{"ancestorTitles":["NosytLabs Performance Utilities","Image Optimization"],"fullName":"NosytLabs Performance Utilities Image Optimization should implement intersection observer for lazy loading","status":"passed","title":"should implement intersection observer for lazy loading","duration":6.029200000000856,"failureMessages":[],"meta":{}},{"ancestorTitles":["NosytLabs Performance Utilities","Resource Preloading"],"fullName":"NosytLabs Performance Utilities Resource Preloading should preload critical resources","status":"passed","title":"should preload critical resources","duration":5.537599999999657,"failureMessages":[],"meta":{}},{"ancestorTitles":["NosytLabs Performance Utilities","Resource Preloading"],"fullName":"NosytLabs Performance Utilities Resource Preloading should handle preload errors gracefully","status":"passed","title":"should handle preload errors gracefully","duration":3.4422000000013213,"failureMessages":[],"meta":{}},{"ancestorTitles":["NosytLabs Performance Utilities","Service Worker Integration"],"fullName":"NosytLabs Performance Utilities Service Worker Integration should register service worker when available","status":"passed","title":"should register service worker when available","duration":5.739900000000489,"failureMessages":[],"meta":{}},{"ancestorTitles":["NosytLabs Performance Utilities","Service Worker Integration"],"fullName":"NosytLabs Performance Utilities Service Worker Integration should handle service worker update notifications","status":"passed","title":"should handle service worker update notifications","duration":2.897899999999936,"failureMessages":[],"meta":{}}],"startTime":1749867660900,"endTime":1749867660958.898,"status":"passed","message":"","name":"C:/Users/Tyson/Desktop/Development Tools/nosytlabs-github-ready/tests/utils/performance.test.ts"}]}